This is pdfTeX, Version 3.14159265-2.6-1.40.18 (MiKTeX 2.9.6350 64-bit) (preloaded format=pdflatex 2017.8.6)  14 MAY 2019 11:21
entering extended mode
**"./stat 991.tex"
("stat 991.tex"
LaTeX2e <2017-04-15>
Babel <3.10> and hyphenation patterns for 75 language(s) loaded.
("C:\Program Files\MiKTeX 2.9\tex\latex\base\article.cls"
Document Class: article 2014/09/29 v1.4h Standard LaTeX document class
("C:\Program Files\MiKTeX 2.9\tex\latex\base\size10.clo"
File: size10.clo 2014/09/29 v1.4h Standard LaTeX file (size option)
)
\c@part=\count79
\c@section=\count80
\c@subsection=\count81
\c@subsubsection=\count82
\c@paragraph=\count83
\c@subparagraph=\count84
\c@figure=\count85
\c@table=\count86
\abovecaptionskip=\skip41
\belowcaptionskip=\skip42
\bibindent=\dimen102
) (custom_tex.sty
("C:\Program Files\MiKTeX 2.9\tex\latex\amscls\amsthm.sty"
Package: amsthm 2015/03/04 v2.20.2
\thm@style=\toks14
\thm@bodyfont=\toks15
\thm@headfont=\toks16
\thm@notefont=\toks17
\thm@headpunct=\toks18
\thm@preskip=\skip43
\thm@postskip=\skip44
\thm@headsep=\skip45
\dth@everypar=\toks19
)
("C:\Program Files\MiKTeX 2.9\tex\latex\amsmath\amsmath.sty"
Package: amsmath 2016/11/05 v2.16a AMS math features
\@mathmargin=\skip46

For additional information on amsmath, use the `?' option.
("C:\Program Files\MiKTeX 2.9\tex\latex\amsmath\amstext.sty"
Package: amstext 2000/06/29 v2.01 AMS text

("C:\Program Files\MiKTeX 2.9\tex\latex\amsmath\amsgen.sty"
File: amsgen.sty 1999/11/30 v2.0 generic functions
\@emptytoks=\toks20
\ex@=\dimen103
))
("C:\Program Files\MiKTeX 2.9\tex\latex\amsmath\amsbsy.sty"
Package: amsbsy 1999/11/29 v1.2d Bold Symbols
\pmbraise@=\dimen104
)
("C:\Program Files\MiKTeX 2.9\tex\latex\amsmath\amsopn.sty"
Package: amsopn 2016/03/08 v2.02 operator names
)
\inf@bad=\count87
LaTeX Info: Redefining \frac on input line 213.
\uproot@=\count88
\leftroot@=\count89
LaTeX Info: Redefining \overline on input line 375.
\classnum@=\count90
\DOTSCASE@=\count91
LaTeX Info: Redefining \ldots on input line 472.
LaTeX Info: Redefining \dots on input line 475.
LaTeX Info: Redefining \cdots on input line 596.
\Mathstrutbox@=\box26
\strutbox@=\box27
\big@size=\dimen105
LaTeX Font Info:    Redeclaring font encoding OML on input line 712.
LaTeX Font Info:    Redeclaring font encoding OMS on input line 713.
\macc@depth=\count92
\c@MaxMatrixCols=\count93
\dotsspace@=\muskip10
\c@parentequation=\count94
\dspbrk@lvl=\count95
\tag@help=\toks21
\row@=\count96
\column@=\count97
\maxfields@=\count98
\andhelp@=\toks22
\eqnshift@=\dimen106
\alignsep@=\dimen107
\tagshift@=\dimen108
\tagwidth@=\dimen109
\totwidth@=\dimen110
\lineht@=\dimen111
\@envbody=\toks23
\multlinegap=\skip47
\multlinetaggap=\skip48
\mathdisplay@stack=\toks24
LaTeX Info: Redefining \[ on input line 2817.
LaTeX Info: Redefining \] on input line 2818.
)
("C:\Program Files\MiKTeX 2.9\tex\latex\amsfonts\amssymb.sty"
Package: amssymb 2013/01/14 v3.01 AMS font symbols

("C:\Program Files\MiKTeX 2.9\tex\latex\amsfonts\amsfonts.sty"
Package: amsfonts 2013/01/14 v3.01 Basic AMSFonts support
\symAMSa=\mathgroup4
\symAMSb=\mathgroup5
LaTeX Font Info:    Overwriting math alphabet `\mathfrak' in version `bold'
(Font)                  U/euf/m/n --> U/euf/b/n on input line 106.
))
(C:\Users\dobri\AppData\Roaming\MiKTeX\2.9\tex\latex\natbib\natbib.sty
Package: natbib 2010/09/13 8.31b (PWD, AO)
\bibhang=\skip49
\bibsep=\skip50
LaTeX Info: Redefining \cite on input line 694.
\c@NAT@ctr=\count99
)
("C:\Program Files\MiKTeX 2.9\tex\latex\hyperref\hyperref.sty"
Package: hyperref 2017/03/14 v6.85a Hypertext links for LaTeX

("C:\Program Files\MiKTeX 2.9\tex\generic\oberdiek\hobsub-hyperref.sty"
Package: hobsub-hyperref 2016/05/16 v1.14 Bundle oberdiek, subset hyperref (HO)


("C:\Program Files\MiKTeX 2.9\tex\generic\oberdiek\hobsub-generic.sty"
Package: hobsub-generic 2016/05/16 v1.14 Bundle oberdiek, subset generic (HO)
Package: hobsub 2016/05/16 v1.14 Construct package bundles (HO)
Package: infwarerr 2016/05/16 v1.4 Providing info/warning/error messages (HO)
Package: ltxcmds 2016/05/16 v1.23 LaTeX kernel commands for general use (HO)
Package: ifluatex 2016/05/16 v1.4 Provides the ifluatex switch (HO)
Package ifluatex Info: LuaTeX not detected.
Package: ifvtex 2016/05/16 v1.6 Detect VTeX and its facilities (HO)
Package ifvtex Info: VTeX not detected.
Package: intcalc 2016/05/16 v1.2 Expandable calculations with integers (HO)
Package: ifpdf 2017/03/15 v3.2 Provides the ifpdf switch
Package: etexcmds 2016/05/16 v1.6 Avoid name clashes with e-TeX commands (HO)
Package etexcmds Info: Could not find \expanded.
(etexcmds)             That can mean that you are not using pdfTeX 1.50 or
(etexcmds)             that some package has redefined \expanded.
(etexcmds)             In the latter case, load this package earlier.
Package: kvsetkeys 2016/05/16 v1.17 Key value parser (HO)
Package: kvdefinekeys 2016/05/16 v1.4 Define keys (HO)
Package: pdftexcmds 2017/03/19 v0.25 Utility functions of pdfTeX for LuaTeX (HO
)
Package pdftexcmds Info: LuaTeX not detected.
Package pdftexcmds Info: \pdf@primitive is available.
Package pdftexcmds Info: \pdf@ifprimitive is available.
Package pdftexcmds Info: \pdfdraftmode found.
Package: pdfescape 2016/05/16 v1.14 Implements pdfTeX's escape features (HO)
Package: bigintcalc 2016/05/16 v1.4 Expandable calculations on big integers (HO
)
Package: bitset 2016/05/16 v1.2 Handle bit-vector datatype (HO)
Package: uniquecounter 2016/05/16 v1.3 Provide unlimited unique counter (HO)
)
Package hobsub Info: Skipping package `hobsub' (already loaded).
Package: letltxmacro 2016/05/16 v1.5 Let assignment for LaTeX macros (HO)
Package: hopatch 2016/05/16 v1.3 Wrapper for package hooks (HO)
Package: xcolor-patch 2016/05/16 xcolor patch
Package: atveryend 2016/05/16 v1.9 Hooks at the very end of document (HO)
Package atveryend Info: \enddocument detected (standard20110627).
Package: atbegshi 2016/06/09 v1.18 At begin shipout hook (HO)
Package: refcount 2016/05/16 v3.5 Data extraction from label references (HO)
Package: hycolor 2016/05/16 v1.8 Color options for hyperref/bookmark (HO)
)
("C:\Program Files\MiKTeX 2.9\tex\latex\graphics\keyval.sty"
Package: keyval 2014/10/28 v1.15 key=value parser (DPC)
\KV@toks@=\toks25
)
("C:\Program Files\MiKTeX 2.9\tex\generic\ifxetex\ifxetex.sty"
Package: ifxetex 2010/09/12 v0.6 Provides ifxetex conditional
)
("C:\Program Files\MiKTeX 2.9\tex\latex\oberdiek\auxhook.sty"
Package: auxhook 2016/05/16 v1.4 Hooks for auxiliary files (HO)
)
("C:\Program Files\MiKTeX 2.9\tex\latex\oberdiek\kvoptions.sty"
Package: kvoptions 2016/05/16 v3.12 Key value format for package options (HO)
)
\@linkdim=\dimen112
\Hy@linkcounter=\count100
\Hy@pagecounter=\count101

("C:\Program Files\MiKTeX 2.9\tex\latex\hyperref\pd1enc.def"
File: pd1enc.def 2017/03/14 v6.85a Hyperref: PDFDocEncoding definition (HO)
)
\Hy@SavedSpaceFactor=\count102

("C:\Program Files\MiKTeX 2.9\tex\latex\00miktex\hyperref.cfg"
File: hyperref.cfg 2002/06/06 v1.2 hyperref configuration of TeXLive
)
Package hyperref Info: Option `colorlinks' set `true' on input line 4374.
Package hyperref Info: Option `breaklinks' set `true' on input line 4374.
Package hyperref Info: Hyper figures OFF on input line 4498.
Package hyperref Info: Link nesting OFF on input line 4503.
Package hyperref Info: Hyper index ON on input line 4506.
Package hyperref Info: Plain pages OFF on input line 4513.
Package hyperref Info: Backreferencing OFF on input line 4518.
Package hyperref Info: Implicit mode ON; LaTeX internals redefined.
Package hyperref Info: Bookmarks ON on input line 4751.
\c@Hy@tempcnt=\count103

(C:\Users\dobri\AppData\Roaming\MiKTeX\2.9\tex\latex\url\url.sty
\Urlmuskip=\muskip11
Package: url 2013/09/16  ver 3.4  Verb mode for urls, etc.
)
LaTeX Info: Redefining \url on input line 5104.
\XeTeXLinkMargin=\dimen113
\Fld@menulength=\count104
\Field@Width=\dimen114
\Fld@charsize=\dimen115
Package hyperref Info: Hyper figures OFF on input line 6358.
Package hyperref Info: Link nesting OFF on input line 6363.
Package hyperref Info: Hyper index ON on input line 6366.
Package hyperref Info: backreferencing OFF on input line 6373.
Package hyperref Info: Link coloring ON on input line 6376.
Package hyperref Info: Link coloring with OCG OFF on input line 6383.
Package hyperref Info: PDF/A mode OFF on input line 6388.
LaTeX Info: Redefining \ref on input line 6428.
LaTeX Info: Redefining \pageref on input line 6432.
\Hy@abspage=\count105
\c@Item=\count106
\c@Hfootnote=\count107
)

Package hyperref Message: Driver (autodetected): hpdftex.

("C:\Program Files\MiKTeX 2.9\tex\latex\hyperref\hpdftex.def"
File: hpdftex.def 2017/03/14 v6.85a Hyperref driver for pdfTeX
\Fld@listcount=\count108
\c@bookmark@seq@number=\count109

("C:\Program Files\MiKTeX 2.9\tex\latex\oberdiek\rerunfilecheck.sty"
Package: rerunfilecheck 2016/05/16 v1.8 Rerun checks for auxiliary files (HO)
Package uniquecounter Info: New unique counter `rerunfilecheck' on input line 2
82.
)
\Hy@SectionHShift=\skip51
)
("C:\Program Files\MiKTeX 2.9\tex\generic\babel\babel.sty"
Package: babel 2017/05/19 3.10 The Babel package

*************************************
* Local config file bblopts.cfg used
*
(C:\Users\dobri\AppData\Roaming\MiKTeX\2.9\tex\latex\arabi\bblopts.cfg
File: bblopts.cfg 2005/09/08 v0.1 add Arabic and Farsi to "declared" options of
 babel
)
("C:\Program Files\MiKTeX 2.9\tex\latex\babel-english\english.ldf"
Language: english 2017/01/24 v3.3q English support from the babel system

("C:\Program Files\MiKTeX 2.9\tex\generic\babel\babel.def"
File: babel.def 2017/05/19 3.10 Babel common definitions
\babel@savecnt=\count110
\U@D=\dimen116
)
\l@canadian = a dialect from \language\l@american 
\l@australian = a dialect from \language\l@british 
\l@newzealand = a dialect from \language\l@british 
))
(C:\Users\dobri\AppData\Roaming\MiKTeX\2.9\tex\latex\caption\caption.sty
Package: caption 2016/02/21 v3.3-144 Customizing captions (AR)

(C:\Users\dobri\AppData\Roaming\MiKTeX\2.9\tex\latex\caption\caption3.sty
Package: caption3 2016/05/22 v1.7-166 caption3 kernel (AR)
Package caption3 Info: TeX engine: e-TeX on input line 67.
\captionmargin=\dimen117
\captionmargin@=\dimen118
\captionwidth=\dimen119
\caption@tempdima=\dimen120
\caption@indent=\dimen121
\caption@parindent=\dimen122
\caption@hangindent=\dimen123
)
\c@ContinuedFloat=\count111
Package caption Info: hyperref package is loaded.
)
(C:\Users\dobri\AppData\Roaming\MiKTeX\2.9\tex\latex\caption\subcaption.sty
Package: subcaption 2016/05/22 v1.1-161 Sub-captions (AR)
\c@subfigure=\count112
\c@subtable=\count113
)
("C:\Program Files\MiKTeX 2.9\tex\latex\graphics\graphicx.sty"
Package: graphicx 2014/10/28 v1.0g Enhanced LaTeX Graphics (DPC,SPQR)

("C:\Program Files\MiKTeX 2.9\tex\latex\graphics\graphics.sty"
Package: graphics 2017/04/14 v1.1b Standard LaTeX Graphics (DPC,SPQR)

("C:\Program Files\MiKTeX 2.9\tex\latex\graphics\trig.sty"
Package: trig 2016/01/03 v1.10 sin cos tan (DPC)
)
("C:\Program Files\MiKTeX 2.9\tex\latex\graphics-cfg\graphics.cfg"
File: graphics.cfg 2016/06/04 v1.11 sample graphics configuration
)
Package graphics Info: Driver file: pdftex.def on input line 99.

("C:\Program Files\MiKTeX 2.9\tex\latex\graphics-def\pdftex.def"
File: pdftex.def 2017/01/12 v0.06k Graphics/color for pdfTeX
\Gread@gobject=\count114
))
\Gin@req@height=\dimen124
\Gin@req@width=\dimen125
)
(C:\Users\dobri\AppData\Roaming\MiKTeX\2.9\tex\latex\algorithms\algorithm.sty
Package: algorithm 2009/08/24 v0.1 Document Style `algorithm' - floating enviro
nment

("C:\Program Files\MiKTeX 2.9\tex\latex\float\float.sty"
Package: float 2001/11/08 v1.3d Float enhancements (AL)
\c@float@type=\count115
\float@exts=\toks26
\float@box=\box28
\@float@everytoks=\toks27
\@floatcapt=\box29
)
("C:\Program Files\MiKTeX 2.9\tex\latex\base\ifthen.sty"
Package: ifthen 2014/09/29 v1.1c Standard LaTeX ifthen package (DPC)
)
\@float@every@algorithm=\toks28
\c@algorithm=\count116
)
("C:\Program Files\MiKTeX 2.9\tex\latex\oberdiek\grffile.sty"
Package: grffile 2016/05/16 v1.17 Extended file name support for graphics (HO)
Package grffile Info: Option `multidot' is set to `true'.
Package grffile Info: Option `extendedchars' is set to `false'.
Package grffile Info: Option `space' is set to `true'.
Package grffile Info: \Gin@ii of package `graphicx' fixed on input line 486.
)
(C:\Users\dobri\AppData\Roaming\MiKTeX\2.9\tex\latex\comment\comment.sty
\CommentStream=\write3

Excluding comment 'comment')
(C:\Users\dobri\AppData\Roaming\MiKTeX\2.9\tex\latex\algorithmicx\algpseudocode
.sty
Package: algpseudocode 

(C:\Users\dobri\AppData\Roaming\MiKTeX\2.9\tex\latex\algorithmicx\algorithmicx.
sty
Package: algorithmicx 2005/04/27 v1.2 Algorithmicx

Document Style algorithmicx 1.2 - a greatly improved `algorithmic' style
\c@ALG@line=\count117
\c@ALG@rem=\count118
\c@ALG@nested=\count119
\ALG@tlm=\skip52
\ALG@thistlm=\skip53
\c@ALG@Lnr=\count120
\c@ALG@blocknr=\count121
\c@ALG@storecount=\count122
\c@ALG@tmpcounter=\count123
\ALG@tmplength=\skip54
)
Document Style - pseudocode environments for use with the `algorithmicx' style
) (C:\Users\dobri\AppData\Roaming\MiKTeX\2.9\tex\latex\paralist\paralist.sty
Package: paralist 2017/01/22 v2.7 Extended list environments
\pltopsep=\skip55
\plpartopsep=\skip56
\plitemsep=\skip57
\plparsep=\skip58
\pl@lab=\toks29
)
("C:\Program Files\MiKTeX 2.9\tex\latex\geometry\geometry.sty"
Package: geometry 2010/09/12 v5.6 Page Geometry
\Gm@cnth=\count124
\Gm@cntv=\count125
\c@Gm@tempcnt=\count126
\Gm@bindingoffset=\dimen126
\Gm@wd@mp=\dimen127
\Gm@odd@mp=\dimen128
\Gm@even@mp=\dimen129
\Gm@layoutwidth=\dimen130
\Gm@layoutheight=\dimen131
\Gm@layouthoffset=\dimen132
\Gm@layoutvoffset=\dimen133
\Gm@dimlist=\toks30

("C:\Program Files\MiKTeX 2.9\tex\latex\geometry\geometry.cfg"))
\c@theorem=\count127
\c@thm=\count128
\c@conj=\count129
\c@rmk=\count130


Package amsthm Warning: Unknown theoremstyle `thm' on input line 293.

) ("C:\Program Files\MiKTeX 2.9\tex\latex\tools\multicol.sty"
Package: multicol 2017/04/11 v1.8q multicolumn formatting (FMi)
\c@tracingmulticols=\count131
\mult@box=\box30
\multicol@leftmargin=\dimen134
\c@unbalance=\count132
\c@collectmore=\count133
\doublecol@number=\count134
\multicoltolerance=\count135
\multicolpretolerance=\count136
\full@width=\dimen135
\page@free=\dimen136
\premulticols=\dimen137
\postmulticols=\dimen138
\multicolsep=\skip59
\multicolbaselineskip=\skip60
\partial@page=\box31
\last@line=\box32
\maxbalancingoverflow=\dimen139
\mult@rightbox=\box33
\mult@grightbox=\box34
\mult@gfirstbox=\box35
\mult@firstbox=\box36
\@tempa=\box37
\@tempa=\box38
\@tempa=\box39
\@tempa=\box40
\@tempa=\box41
\@tempa=\box42
\@tempa=\box43
\@tempa=\box44
\@tempa=\box45
\@tempa=\box46
\@tempa=\box47
\@tempa=\box48
\@tempa=\box49
\@tempa=\box50
\@tempa=\box51
\@tempa=\box52
\@tempa=\box53
\c@columnbadness=\count137
\c@finalcolumnbadness=\count138
\last@try=\dimen140
\multicolovershoot=\dimen141
\multicolundershoot=\dimen142
\mult@nat@firstbox=\box54
\colbreak@box=\box55
\mc@col@check@num=\count139
)
("C:\Program Files\MiKTeX 2.9\tex\latex\tools\bm.sty"
Package: bm 2017/01/16 v1.2c Bold Symbol Support (DPC/FMi)
\symboldoperators=\mathgroup6
\symboldletters=\mathgroup7
\symboldsymbols=\mathgroup8
LaTeX Font Info:    Redeclaring math alphabet \mathbf on input line 141.
LaTeX Info: Redefining \bm on input line 207.
)
("C:\Program Files\MiKTeX 2.9\tex\latex\graphics\color.sty"
Package: color 2016/07/10 v1.1e Standard LaTeX Color (DPC)

("C:\Program Files\MiKTeX 2.9\tex\latex\graphics-cfg\color.cfg"
File: color.cfg 2016/01/02 v1.6 sample color configuration
)
Package color Info: Driver file: pdftex.def on input line 147.
) ("stat 991.aux")
\openout1 = `"stat 991.aux"'.

LaTeX Font Info:    Checking defaults for OML/cmm/m/it on input line 8.
LaTeX Font Info:    ... okay on input line 8.
LaTeX Font Info:    Checking defaults for T1/cmr/m/n on input line 8.
LaTeX Font Info:    ... okay on input line 8.
LaTeX Font Info:    Checking defaults for OT1/cmr/m/n on input line 8.
LaTeX Font Info:    ... okay on input line 8.
LaTeX Font Info:    Checking defaults for OMS/cmsy/m/n on input line 8.
LaTeX Font Info:    ... okay on input line 8.
LaTeX Font Info:    Checking defaults for OMX/cmex/m/n on input line 8.
LaTeX Font Info:    ... okay on input line 8.
LaTeX Font Info:    Checking defaults for U/cmr/m/n on input line 8.
LaTeX Font Info:    ... okay on input line 8.
LaTeX Font Info:    Checking defaults for PD1/pdf/m/n on input line 8.
LaTeX Font Info:    ... okay on input line 8.
\AtBeginShipoutBox=\box56
Package hyperref Info: Link coloring ON on input line 8.
 ("C:\Program Files\MiKTeX 2.9\tex\latex\hyperref\nameref.sty"
Package: nameref 2016/05/21 v2.44 Cross-referencing by name of section

("C:\Program Files\MiKTeX 2.9\tex\generic\oberdiek\gettitlestring.sty"
Package: gettitlestring 2016/05/16 v1.5 Cleanup title references (HO)
)
\c@section@level=\count140
)
LaTeX Info: Redefining \ref on input line 8.
LaTeX Info: Redefining \pageref on input line 8.
LaTeX Info: Redefining \nameref on input line 8.

("stat 991.out") ("stat 991.out")
\@outlinefile=\write4
\openout4 = `"stat 991.out"'.

Package caption Info: Begin \AtBeginDocument code.
Package caption Info: float package is loaded.
Package caption Info: End \AtBeginDocument code.

(C:\Users\dobri\AppData\Roaming\MiKTeX\2.9\tex\context\base\supp-pdf.mkii
[Loading MPS to PDF converter (version 2006.09.02).]
\scratchcounter=\count141
\scratchdimen=\dimen143
\scratchbox=\box57
\nofMPsegments=\count142
\nofMParguments=\count143
\everyMPshowfont=\toks31
\MPscratchCnt=\count144
\MPscratchDim=\dimen144
\MPnumerator=\count145
\makeMPintoPDFobject=\count146
\everyMPtoPDFconversion=\toks32
) ("C:\Program Files\MiKTeX 2.9\tex\latex\oberdiek\epstopdf-base.sty"
Package: epstopdf-base 2016/05/15 v2.6 Base part for package epstopdf

("C:\Program Files\MiKTeX 2.9\tex\latex\oberdiek\grfext.sty"
Package: grfext 2016/05/16 v1.2 Manage graphics extensions (HO)
)
Package epstopdf-base Info: Redefining graphics rule for `.eps' on input line 4
38.
Package grfext Info: Graphics extension search list:
(grfext)             [.png,.pdf,.jpg,.mps,.jpeg,.jbig2,.jb2,.PNG,.PDF,.JPG,.JPE
G,.JBIG2,.JB2,.eps]
(grfext)             \AppendGraphicsExtensions on input line 456.
)
*geometry* driver: auto-detecting
*geometry* detected driver: pdftex
*geometry* verbose mode - [ preamble ] result:
* driver: pdftex
* paper: <default>
* layout: <same size as paper>
* layoutoffset:(h,v)=(0.0pt,0.0pt)
* modes: 
* h-part:(L,W,R)=(92.14519pt, 430.00462pt, 92.14519pt)
* v-part:(T,H,B)=(95.39737pt, 556.47656pt, 143.09605pt)
* \paperwidth=614.295pt
* \paperheight=794.96999pt
* \textwidth=430.00462pt
* \textheight=556.47656pt
* \oddsidemargin=19.8752pt
* \evensidemargin=19.8752pt
* \topmargin=-13.87262pt
* \headheight=12.0pt
* \headsep=25.0pt
* \topskip=10.0pt
* \footskip=30.0pt
* \marginparwidth=65.0pt
* \marginparsep=11.0pt
* \columnsep=10.0pt
* \skip\footins=9.0pt plus 4.0pt minus 2.0pt
* \hoffset=0.0pt
* \voffset=0.0pt
* \mag=1000
* \@twocolumnfalse
* \@twosidefalse
* \@mparswitchfalse
* \@reversemarginfalse
* (1in=72.27pt=25.4mm, 1cm=28.453pt)

LaTeX Font Info:    Try loading font information for U+msa on input line 14.
("C:\Program Files\MiKTeX 2.9\tex\latex\amsfonts\umsa.fd"
File: umsa.fd 2013/01/14 v3.01 AMS symbols A
)
LaTeX Font Info:    Try loading font information for U+msb on input line 14.

("C:\Program Files\MiKTeX 2.9\tex\latex\amsfonts\umsb.fd"
File: umsb.fd 2013/01/14 v3.01 AMS symbols B
)
LaTeX Font Info:    Try loading font information for OMS+cmr on input line 14.

("C:\Program Files\MiKTeX 2.9\tex\latex\base\omscmr.fd"
File: omscmr.fd 2014/09/29 v2.5h Standard LaTeX font definitions
)
LaTeX Font Info:    Font shape `OMS/cmr/m/n' in size <8> not available
(Font)              Font shape `OMS/cmsy/m/n' tried instead on input line 14.
LaTeX Font Info:    Font shape `OMS/cmr/m/n' in size <6> not available
(Font)              Font shape `OMS/cmsy/m/n' tried instead on input line 14.
 ("stat 991.toc"
[1

{C:/ProgramData/MiKTeX/2.9/pdftex/config/pdftex.map}] [2])
\tf@toc=\write5
\openout5 = `"stat 991.toc"'.


<dn.png, id=464, 803.0pt x 307.549pt>
File: dn.png Graphic file (type png)
 <use dn.png>
Package pdftex.def Info: dn.png used on input line 64.
(pdftex.def)             Requested size: 387.00153pt x 148.2225pt.
 [3]
LaTeX Font Info:    Font shape `OMS/cmr/m/n' in size <9> not available
(Font)              Font shape `OMS/cmsy/m/n' tried instead on input line 105.

<nn_example.png, id=480, 971.12813pt x 339.51843pt>
File: nn_example.png Graphic file (type png)
 <use nn_example.png>
Package pdftex.def Info: nn_example.png used on input line 127.
(pdftex.def)             Requested size: 291.34068pt x 101.85631pt.

[4 <./dn.png> <./nn_example.png>]
Overfull \hbox (15.06453pt too wide) in paragraph at lines 170--171
[]\OT1/cmr/m/n/9 Matrices are or-ga-nized as fol-lows: columns - train-ing ex-a
m-ples/filters, rows - units/nodes. 
 []

[5] [6] [7] [8] <opt.jpg, id=542, 440.64626pt x 485.815pt>
File: opt.jpg Graphic file (type jpg)
 <use opt.jpg>
Package pdftex.def Info: opt.jpg used on input line 371.
(pdftex.def)             Requested size: 220.32259pt x 242.9069pt.

<ae.png, id=544, 1108.14pt x 538.01pt>
File: ae.png Graphic file (type png)
 <use ae.png>
Package pdftex.def Info: ae.png used on input line 401.
(pdftex.def)             Requested size: 332.44456pt x 161.40424pt.
 [9 <./opt.jpg>]
<compute_diagram-log@2x-3.png, id=555, 1204.5pt x 943.525pt>
File: compute_diagram-log@2x-3.png Graphic file (type png)

<use compute_diagram-log@2x-3.png>
Package pdftex.def Info: compute_diagram-log@2x-3.png used on input line 440.
(pdftex.def)             Requested size: 361.35278pt x 283.05968pt.
 [10 <./ae.png>]
<tes.jpg, id=576, 782.925pt x 440.64626pt>
File: tes.jpg Graphic file (type jpg)
 <use tes.jpg>
Package pdftex.def Info: tes.jpg used on input line 478.
(pdftex.def)             Requested size: 313.16446pt x 176.25537pt.

<goodfellow.png, id=578, 575.14874pt x 227.85126pt>
File: goodfellow.png Graphic file (type png)
 <use goodfellow.png>
Package pdftex.def Info: goodfellow.png used on input line 488.
(pdftex.def)             Requested size: 287.57367pt x 113.92534pt.
Missing character: There is no ‚ in font cmr9!
Missing character: There is no Ä in font cmr9!
Missing character: There is no ú in font cmr9!
Missing character: There is no ‚ in font cmr9!
Missing character: There is no Ä in font cmr9!
Missing character: There is no ù in font cmr9!

[11 <./compute_diagram-log@2x-3.png>]
Missing character: There is no ‚ in font cmr9!
Missing character: There is no Ä in font cmr9!
Missing character: There is no ú in font cmr9!
Missing character: There is no ‚ in font cmr9!
Missing character: There is no Ä in font cmr9!
Missing character: There is no ù in font cmr9!

<Fig_GistExample.jpg, id=594, 655.44875pt x 833.1125pt>
File: Fig_GistExample.jpg Graphic file (type jpg)

<use Fig_GistExample.jpg>
Package pdftex.def Info: Fig_GistExample.jpg used on input line 521.
(pdftex.def)             Requested size: 196.63614pt x 249.93568pt.
 [12 <./tes.jpg> <./goodfellow.png (PNG copy)>]
Overfull \hbox (6.36569pt too wide) in paragraph at lines 528--529
[]\OT1/cmr/m/n/9 Deep learn-ing re-places this by learn-ing fea-tures au-to-mat
-i-cally. (1) Less time-consuming
 []

[13 <./Fig_GistExample.jpg>] <st.png, id=620, 803.0pt x 598.235pt>
File: st.png Graphic file (type png)

<use st.png>
Package pdftex.def Info: st.png used on input line 589.
(pdftex.def)             Requested size: 401.49902pt x 299.11676pt.
 [14 <./st.png (PNG copy)>] [15]
<mlai.jpeg, id=639, 702.625pt x 701.62125pt>
File: mlai.jpeg Graphic file (type jpg)
 <use mlai.jpeg>
Package pdftex.def Info: mlai.jpeg used on input line 708.
(pdftex.def)             Requested size: 140.5225pt x 140.32176pt.


LaTeX Warning: No positions in optional float specifier.
               Default added (so using `tbp') on input line 716.

[16 <./mlai.jpeg>]
Missing character: There is no ‚ in font cmr9!
Missing character: There is no Ä in font cmr9!
Missing character: There is no ô in font cmr9!
Missing character: There is no ‚ in font cmr9!
Missing character: There is no Ä in font cmr9!
Missing character: There is no ô in font cmr9!
Missing character: There is no ‚ in font cmr9!
Missing character: There is no Ä in font cmr9!
Missing character: There is no ô in font cmr9!
Missing character: There is no ‚ in font cmr9!
Missing character: There is no Ä in font cmr9!
Missing character: There is no ô in font cmr9!
Missing character: There is no ‚ in font cmr9!
Missing character: There is no Ä in font cmr9!
Missing character: There is no ô in font cmr9!
 <Chart.png, id=659, 1003.75pt x 1505.625pt>
File: Chart.png Graphic file (type png)
 <use Chart.png>
Package pdftex.def Info: Chart.png used on input line 787.
(pdftex.def)             Requested size: 351.31776pt x 526.97665pt.

[17] [18 <./Chart.png (PNG copy)>]
<lenet.png, id=672, 1251.92719pt x 432.11438pt>
File: lenet.png Graphic file (type png)
 <use lenet.png>
Package pdftex.def Info: lenet.png used on input line 861.
(pdftex.def)             Requested size: 375.58105pt x 129.6353pt.

<a.png, id=673, 465.88339pt x 149.70215pt>
File: a.png Graphic file (type png)
 <use a.png>
Package pdftex.def Info: a.png used on input line 869.
(pdftex.def)             Requested size: 349.41168pt x 112.27632pt.

<vgg.png, id=674, 1104.125pt x 647.41875pt>
File: vgg.png Graphic file (type png)
 <use vgg.png>
Package pdftex.def Info: vgg.png used on input line 877.
(pdftex.def)             Requested size: 331.24005pt x 194.22711pt.
 [19] [20 <./lenet.png> <./a.png> <./vgg.png>] <vis.png, id=703, 532.6299pt x 3
12.2064pt>
File: vis.png Graphic file (type png)

<use vis.png>
Package pdftex.def Info: vis.png used on input line 906.
(pdftex.def)             Requested size: 372.83838pt x 218.54298pt.

Overfull \hbox (40.3291pt too wide) in paragraph at lines 911--912
[]\OT1/cmr/m/n/9 Excellent ref-er-ence on fea-ture vi-su-al-iza-tion: [][]$\OT1
/cmtt/m/n/9 https : / / distill . pub / 2017 / feature-[]visualization/$[][] 
 []

<rcnn.png, id=710, 291.71484pt x 255.20343pt>
File: rcnn.png Graphic file (type png)
 <use rcnn.png>
Package pdftex.def Info: rcnn.png used on input line 932.
(pdftex.def)             Requested size: 204.19897pt x 178.64117pt.
 [21 <./vis.png>]
Overfull \hbox (159.7895pt too wide) in paragraph at lines 945--946
[][][]$\OT1/cmtt/m/n/9 https : / / blog . athelas . com / a-[]brief-[]history-[
]of-[]cnns-[]in-[]image-[]segmentation-[]from-[]r-[]cnn-[]to-[]mask-[]r-[]cnn-[
]34ea83205de4$[][] 
 []

[22 <./rcnn.png>]
Missing character: There is no ‚ in font cmr9!
Missing character: There is no Ä in font cmr9!
Missing character: There is no ú in font cmr9!
Missing character: There is no ‚ in font cmr9!
Missing character: There is no Ä in font cmr9!
Missing character: There is no ù in font cmr9!
 [23]
Missing character: There is no √ in font cmr9!
Missing character: There is no ´ in font cmr9!
 <gcnn.png, id=737, 796.47563pt x 385.44pt>
File: gcnn.png Graphic file (type png)

<use gcnn.png>
Package pdftex.def Info: gcnn.png used on input line 1119.
(pdftex.def)             Requested size: 398.23685pt x 192.71953pt.
 [24]
Overfull \hbox (2.02948pt too wide) in paragraph at lines 1137--1138
[]\OT1/cmr/m/n/9 They parametrize the fil-ters $\OML/cmm/m/it/9 F$ \OT1/cmr/m/n
/9 as poly-no-mi-als of the eigen-val-ues, $\OML/cmm/m/it/9 g[]\OT1/cmr/m/n/9 (
) = [][] \OML/cmm/m/it/9 []\OT1/cmr/m/n/9 []$,
 []

Missing character: There is no ‚ in font cmr9!
Missing character: There is no Ä in font cmr9!
Missing character: There is no ô in font cmr9!
[25 <./gcnn.png>] <gcp.png, id=756, 693.34032pt x 176.91093pt>
File: gcp.png Graphic file (type png)
 <use gcp.png>
Package pdftex.def Info: gcp.png used on input line 1183.
(pdftex.def)             Requested size: 346.66931pt x 88.45525pt.

[26 <./gcp.png>]
Missing character: There is no ‚ in font cmr9!
Missing character: There is no Ä in font cmr9!
Missing character: There is no ú in font cmr9!
Missing character: There is no ‚ in font cmr9!
Missing character: There is no Ä in font cmr9!
Missing character: There is no ù in font cmr9!
 [27] [28] [29]
<SpatialTransformer.png, id=777, 615.0478pt x 277.035pt>
File: SpatialTransformer.png Graphic file (type png)

<use SpatialTransformer.png>
Package pdftex.def Info: SpatialTransformer.png used on input line 1437.
(pdftex.def)             Requested size: 369.03154pt x 166.22227pt.
 [30 <./SpatialTransformer.png>]
Overfull \hbox (58.71806pt too wide) in paragraph at lines 1450--1451
[]\OT1/cmr/m/n/9 See de-scrip-tion at [][]$\OT1/cmtt/m/n/9 adeshpande3 . github
 . io / The-[]9-[]Deep-[]Learning-[]Papers-[]You-[]Need-[]To-[]Know-[]About .
 []

[31] <diags.jpeg, id=801, 1333.98375pt x 417.56pt>
File: diags.jpeg Graphic file (type jpg)
 <use diags.jpeg>
Package pdftex.def Info: diags.jpeg used on input line 1543.
(pdftex.def)             Requested size: 400.19821pt x 125.26895pt.
 [32 <./diags.jpeg>] <lstm.png, id=813, 807.015pt x 512.34268pt>
File: lstm.png Graphic file (type png)
 <use lstm.png>
Package pdftex.def Info: lstm.png used on input line 1607.
(pdftex.def)             Requested size: 242.10637pt x 153.70398pt.
 [33 <./lstm.png>] <attn.png, id=823, 803.0pt x 574.145pt>
File: attn.png Graphic file (type png)
 <use attn.png>
Package pdftex.def Info: attn.png used on input line 1622.
(pdftex.def)             Requested size: 240.90186pt x 172.24483pt.

<Caption4.png, id=825, 1204.5pt x 785.93625pt>
File: Caption4.png Graphic file (type png)
 <use Caption4.png>
Package pdftex.def Info: Caption4.png used on input line 1634.
(pdftex.def)             Requested size: 481.79147pt x 314.36893pt.

Overfull \hbox (51.78685pt too wide) in paragraph at lines 1634--1635
 [][] 
 []


Underfull \hbox (badness 2368) in paragraph at lines 1635--1635
[]\OT1/cmr/m/n/10 Figure 23: |Cap-tion-ing, Google Brain, 2016. Show and Tell: 
Lessons learned from
 []


Underfull \hbox (badness 1314) in paragraph at lines 1635--1635
\OT1/cmr/m/n/10 the 2015 MSCOCO Im-age Cap-tion-ing Chal-lenge. [][]$\OT1/cmtt/
m/n/10 https : / / ai . googleblog . com / 2016 / 09 /
 []

<wavenet.jpg, id=829, 556.32843pt x 292.84406pt>
File: wavenet.jpg Graphic file (type jpg)
 <use wavenet.jpg>
Package pdftex.def Info: wavenet.jpg used on input line 1652.
(pdftex.def)             Requested size: 445.06335pt x 234.27556pt.

Overfull \hbox (15.05873pt too wide) in paragraph at lines 1652--1653
 [][] 
 []

[34 <./attn.png>] <mlp.png, id=847, 294.09875pt x 246.9225pt>
File: mlp.png Graphic file (type png)
 <use mlp.png>
Package pdftex.def Info: mlp.png used on input line 1691.
(pdftex.def)             Requested size: 171.99922pt x 144.4095pt.

<rnn-types.png, id=849, 796.47563pt x 246.9225pt>
File: rnn-types.png Graphic file (type png)
 <use rnn-types.png>
Package pdftex.def Info: rnn-types.png used on input line 1712.
(pdftex.def)             Requested size: 387.00153pt x 119.97578pt.
 [35 <./Caption4.png>] [36 <./wavenet.jpg> <./mlp.png>]
<rnn.png, id=866, 489.83pt x 211.28937pt>
File: rnn.png Graphic file (type png)
 <use rnn.png>
Package pdftex.def Info: rnn.png used on input line 1731.
(pdftex.def)             Requested size: 344.005pt x 148.39159pt.
 [37 <./rnn-types.png> <./rnn.png>] <teacher-forcing.png, id=882, 356.33125pt x
 361.35pt>
File: teacher-forcing.png Graphic file (type png)

<use teacher-forcing.png>
Package pdftex.def Info: teacher-forcing.png used on input line 1766.
(pdftex.def)             Requested size: 212.017pt x 215.0023pt.
 [38 <./teacher-forcing.png>]
<rnn-long-term.png, id=891, 513.92pt x 170.6375pt>
File: rnn-long-term.png Graphic file (type png)
 <use rnn-long-term.png>
Package pdftex.def Info: rnn-long-term.png used on input line 1812.
(pdftex.def)             Requested size: 269.5611pt x 89.50113pt.

[39 <./rnn-long-term.png>] <gradient-clip2.png, id=905, 358.33875pt x 240.9pt>
File: gradient-clip2.png Graphic file (type png)

<use gradient-clip2.png>
Package pdftex.def Info: gradient-clip2.png used on input line 1875.
(pdftex.def)             Requested size: 223.87915pt x 150.50424pt.

Underfull \hbox (badness 10000) in paragraph at lines 1880--1882

 []

<relu.png, id=907, 449.68pt x 259.97125pt>
File: relu.png Graphic file (type png)
 <use relu.png>
Package pdftex.def Info: relu.png used on input line 1895.
(pdftex.def)             Requested size: 223.13777pt x 129.00269pt.
 [40 <./gradient-clip2.png>] <lstm-cell.png, id=921, 612.2875pt x 330.23375pt>
File: lstm-cell.png Graphic file (type png)
 <use lstm-cell.png>
Package pdftex.def Info: lstm-cell.png used on input line 1933.
(pdftex.def)             Requested size: 263.11032pt x 141.9023pt.

[41 <./relu.png>] <gt1.png, id=934, 943.525pt x 354.32375pt>
File: gt1.png Graphic file (type png)
 <use gt1.png>
Package pdftex.def Info: gt1.png used on input line 1996.
(pdftex.def)             Requested size: 343.52713pt x 129.00269pt.

<gt2.png, id=935, 1025.8325pt x 375.4025pt>
File: gt2.png Graphic file (type png)
 <use gt2.png>
Package pdftex.def Info: gt2.png used on input line 1998.
(pdftex.def)             Requested size: 352.51949pt x 129.00269pt.
 [42 <./lstm-cell.png>] [43 <./gt1.png> <./gt2.png>]
<encdec-smt1.png, id=956, 300.12125pt x 207.77625pt>
File: encdec-smt1.png Graphic file (type png)
 <use encdec-smt1.png>
Package pdftex.def Info: encdec-smt1.png used on input line 2079.
(pdftex.def)             Requested size: 186.34343pt x 129.00269pt.

<encdec-smt2.png, id=957, 395.4775pt x 282.05376pt>
File: encdec-smt2.png Graphic file (type png)
 <use encdec-smt2.png>
Package pdftex.def Info: encdec-smt2.png used on input line 2080.
(pdftex.def)             Requested size: 180.87788pt x 129.00269pt.

<sample-sents.png, id=959, 1023.825pt x 364.36125pt>
File: sample-sents.png Graphic file (type png)
 <use sample-sents.png>
Package pdftex.def Info: sample-sents.png used on input line 2091.
(pdftex.def)             Requested size: 422.89542pt x 150.50424pt.

[44 <./encdec-smt1.png> <./encdec-smt2.png> <./sample-sents.png>]
<attention.png, id=972, 257.96375pt x 323.2075pt>
File: attention.png Graphic file (type png)
 <use attention.png>
Package pdftex.def Info: attention.png used on input line 2130.
(pdftex.def)             Requested size: 120.12115pt x 150.50424pt.
 [45 <./attention.png>] <attention-encdec.png, id=983, 533.995pt x 302.12875pt>
File: attention-encdec.png Graphic file (type png)

<use attention-encdec.png>
Package pdftex.def Info: attention-encdec.png used on input line 2149.
(pdftex.def)             Requested size: 303.99734pt x 171.99922pt.
 <alignments.png, id=985, 400.49625pt x 390.45876pt>
File: alignments.png Graphic file (type png)

<use alignments.png>
Package pdftex.def Info: alignments.png used on input line 2162.
(pdftex.def)             Requested size: 220.53027pt x 215.0023pt.
 <nmt-compare3.png, id=987, 655.44875pt x 133.49875pt>
File: nmt-compare3.png Graphic file (type png)

<use nmt-compare3.png>
Package pdftex.def Info: nmt-compare3.png used on input line 2189.
(pdftex.def)             Requested size: 316.6821pt x 64.49806pt.
 <transformer2.png, id=989, 476.78125pt x 669.50125pt>
File: transformer2.png Graphic file (type png)

<use transformer2.png>
Package pdftex.def Info: transformer2.png used on input line 2203.
(pdftex.def)             Requested size: 193.50076pt x 271.7186pt.
 [46 <./attention-encdec.png>]
<self-attention.png, id=1008, 411.5375pt x 389.455pt>
File: self-attention.png Graphic file (type png)
 <use self-attention.png>
Package pdftex.def Info: self-attention.png used on input line 2244.
(pdftex.def)             Requested size: 181.74896pt x 171.99922pt.

<self-attention1.png, id=1010, 883.3pt x 538.01pt>
File: self-attention1.png Graphic file (type png)
 <use self-attention1.png>
Package pdftex.def Info: self-attention1.png used on input line 2257.
(pdftex.def)             Requested size: 352.99026pt x 215.0023pt.

[47 <./alignments.png> <./nmt-compare3.png>] [48 <./transformer2.png> <./self-a
ttention.png>] <self-attention2.png, id=1036, 738.76pt x 754.82pt>
File: self-attention2.png Graphic file (type png)

<use self-attention2.png>
Package pdftex.def Info: self-attention2.png used on input line 2270.
(pdftex.def)             Requested size: 231.47064pt x 236.50385pt.

<self-attention3.png, id=1038, 927.465pt x 504.88625pt>
File: self-attention3.png Graphic file (type png)

<use self-attention3.png>
Package pdftex.def Info: self-attention3.png used on input line 2283.
(pdftex.def)             Requested size: 430.00462pt x 234.08401pt.

<nmt-compare2.png, id=1040, 605.26125pt x 259.97125pt>
File: nmt-compare2.png Graphic file (type png)
 <use nmt-compare2.png>
Package pdftex.def Info: nmt-compare2.png used on input line 2294.
(pdftex.def)             Requested size: 300.33946pt x 129.00269pt.

Overfull \hbox (15.23949pt too wide) in paragraph at lines 2318--2322
\OT1/cmr/m/n/9 ing RNN Encoder-Decoder for Sta-tis-ti-cal Ma-chine Trans-la-tio
n \OT1/cmr/m/it/9 arXiv preprint \OT1/cmr/m/n/9 arXiv:1406.1078 
 []

[49 <./self-attention1.png>] [50 <./self-attention2.png> <./self-attention3.png
>] <Caption.png, id=1068, 514.17094pt x 423.83344pt>
File: Caption.png Graphic file (type png)
 <use Caption.png>
Package pdftex.def Info: Caption.png used on input line 2346.
(pdftex.def)             Requested size: 257.08484pt x 211.91618pt.
 [51 <./nmt-compare2.png>] [52 <./Caption.png>]
<ae0.png, id=1091, 269.50688pt x 162.6075pt>
File: ae0.png Graphic file (type png)
 <use ae0.png>
Package pdftex.def Info: ae0.png used on input line 2463.
(pdftex.def)             Requested size: 134.7531pt x 81.30354pt.

<vae.png, id=1093, 245.04047pt x 287.57437pt>
File: vae.png Graphic file (type png)
 <use vae.png>
Package pdftex.def Info: vae.png used on input line 2480.
(pdftex.def)             Requested size: 147.0254pt x 172.54594pt.
 [53] [54 <./ae0.png> <./vae.png>] <VAE_P1.png, id=1111, 638.385pt x 220.825pt>
File: VAE_P1.png Graphic file (type png)
 <use VAE_P1.png>
Package pdftex.def Info: VAE_P1.png used on input line 2517.
(pdftex.def)             Requested size: 341.43306pt x 118.10481pt.

[55 <./VAE_P1.png>] <Reparam.png, id=1123, 771.88374pt x 496.85625pt>
File: Reparam.png Graphic file (type png)

<use Reparam.png>
Package pdftex.def Info: Reparam.png used on input line 2594.
(pdftex.def)             Requested size: 284.52756pt x 183.14401pt.
 <VAE_Process.png, id=1125, 731.73375pt x 358.33875pt>
File: VAE_Process.png Graphic file (type png)

<use VAE_Process.png>
Package pdftex.def Info: VAE_Process.png used on input line 2603.
(pdftex.def)             Requested size: 341.43306pt x 167.20538pt.
 [56 <./Reparam.png>]
Package epstopdf Info: Source file: <face2.eps>
(epstopdf)                    date: 2018-05-21 02:29:36
(epstopdf)                    size: 30721 bytes
(epstopdf)             Output file: <face2-eps-converted-to.pdf>
(epstopdf)                    date: 2019-05-11 21:58:16
(epstopdf)                    size: 9693 bytes
(epstopdf)             Command: <epstopdf --outfile=face2-eps-converted-to.pdf 
face2.eps>
(epstopdf)             \includegraphics on input line 2618.
Package epstopdf Info: Output file is already uptodate.

<face2-eps-converted-to.pdf, id=1134, 48.18pt x 48.18pt>
File: face2-eps-converted-to.pdf Graphic file (type pdf)

<use face2-eps-converted-to.pdf>
Package pdftex.def Info: face2-eps-converted-to.pdf used on input line 2618.
(pdftex.def)             Requested size: 28.45274pt x 28.4524pt.
Package epstopdf Info: Source file: <face150.eps>
(epstopdf)                    date: 2018-05-21 02:30:32
(epstopdf)                    size: 30723 bytes
(epstopdf)             Output file: <face150-eps-converted-to.pdf>
(epstopdf)                    date: 2019-05-11 21:58:17
(epstopdf)                    size: 11414 bytes
(epstopdf)             Command: <epstopdf --outfile=face150-eps-converted-to.pd
f face150.eps>
(epstopdf)             \includegraphics on input line 2619.
Package epstopdf Info: Output file is already uptodate.

<face150-eps-converted-to.pdf, id=1135, 48.18pt x 48.18pt>
File: face150-eps-converted-to.pdf Graphic file (type pdf)

<use face150-eps-converted-to.pdf>
Package pdftex.def Info: face150-eps-converted-to.pdf used on input line 2619.
(pdftex.def)             Requested size: 28.45274pt x 28.4524pt.
Package epstopdf Info: Source file: <face268.eps>
(epstopdf)                    date: 2018-05-21 02:37:00
(epstopdf)                    size: 30723 bytes
(epstopdf)             Output file: <face268-eps-converted-to.pdf>
(epstopdf)                    date: 2019-05-11 21:58:18
(epstopdf)                    size: 11671 bytes
(epstopdf)             Command: <epstopdf --outfile=face268-eps-converted-to.pd
f face268.eps>
(epstopdf)             \includegraphics on input line 2620.
Package epstopdf Info: Output file is already uptodate.

<face268-eps-converted-to.pdf, id=1136, 48.18pt x 48.18pt>
File: face268-eps-converted-to.pdf Graphic file (type pdf)

<use face268-eps-converted-to.pdf>
Package pdftex.def Info: face268-eps-converted-to.pdf used on input line 2620.
(pdftex.def)             Requested size: 28.45274pt x 28.4524pt.
Package epstopdf Info: Source file: <face700.eps>
(epstopdf)                    date: 2018-05-21 02:37:32
(epstopdf)                    size: 30723 bytes
(epstopdf)             Output file: <face700-eps-converted-to.pdf>
(epstopdf)                    date: 2019-05-11 21:58:18
(epstopdf)                    size: 10111 bytes
(epstopdf)             Command: <epstopdf --outfile=face700-eps-converted-to.pd
f face700.eps>
(epstopdf)             \includegraphics on input line 2621.
Package epstopdf Info: Output file is already uptodate.

<face700-eps-converted-to.pdf, id=1137, 48.18pt x 48.18pt>
File: face700-eps-converted-to.pdf Graphic file (type pdf)

<use face700-eps-converted-to.pdf>
Package pdftex.def Info: face700-eps-converted-to.pdf used on input line 2621.
(pdftex.def)             Requested size: 28.45274pt x 28.4524pt.
Package epstopdf Info: Source file: <face990.eps>
(epstopdf)                    date: 2018-05-21 02:53:46
(epstopdf)                    size: 30723 bytes
(epstopdf)             Output file: <face990-eps-converted-to.pdf>
(epstopdf)                    date: 2019-05-11 21:58:19
(epstopdf)                    size: 10476 bytes
(epstopdf)             Command: <epstopdf --outfile=face990-eps-converted-to.pd
f face990.eps>
(epstopdf)             \includegraphics on input line 2622.
Package epstopdf Info: Output file is already uptodate.

<face990-eps-converted-to.pdf, id=1138, 48.18pt x 48.18pt>
File: face990-eps-converted-to.pdf Graphic file (type pdf)

<use face990-eps-converted-to.pdf>
Package pdftex.def Info: face990-eps-converted-to.pdf used on input line 2622.
(pdftex.def)             Requested size: 28.45274pt x 28.4524pt.
Package epstopdf Info: Source file: <face1004.eps>
(epstopdf)                    date: 2018-05-21 02:54:16
(epstopdf)                    size: 30724 bytes
(epstopdf)             Output file: <face1004-eps-converted-to.pdf>
(epstopdf)                    date: 2019-05-11 21:58:20
(epstopdf)                    size: 11139 bytes
(epstopdf)             Command: <epstopdf --outfile=face1004-eps-converted-to.p
df face1004.eps>
(epstopdf)             \includegraphics on input line 2623.
Package epstopdf Info: Output file is already uptodate.

<face1004-eps-converted-to.pdf, id=1139, 48.18pt x 48.18pt>
File: face1004-eps-converted-to.pdf Graphic file (type pdf)

<use face1004-eps-converted-to.pdf>
Package pdftex.def Info: face1004-eps-converted-to.pdf used on input line 2623.

(pdftex.def)             Requested size: 28.45274pt x 28.4524pt.
Package epstopdf Info: Source file: <face1354.eps>
(epstopdf)                    date: 2018-05-21 02:55:02
(epstopdf)                    size: 30724 bytes
(epstopdf)             Output file: <face1354-eps-converted-to.pdf>
(epstopdf)                    date: 2019-05-11 21:58:20
(epstopdf)                    size: 10654 bytes
(epstopdf)             Command: <epstopdf --outfile=face1354-eps-converted-to.p
df face1354.eps>
(epstopdf)             \includegraphics on input line 2624.
Package epstopdf Info: Output file is already uptodate.

<face1354-eps-converted-to.pdf, id=1140, 48.18pt x 48.18pt>
File: face1354-eps-converted-to.pdf Graphic file (type pdf)

<use face1354-eps-converted-to.pdf>
Package pdftex.def Info: face1354-eps-converted-to.pdf used on input line 2624.

(pdftex.def)             Requested size: 28.45274pt x 28.4524pt.
Package epstopdf Info: Source file: <face56.eps>
(epstopdf)                    date: 2018-05-21 02:22:08
(epstopdf)                    size: 11747078 bytes
(epstopdf)             Output file: <face56-eps-converted-to.pdf>
(epstopdf)                    date: 2019-05-11 21:58:28
(epstopdf)                    size: 169548 bytes
(epstopdf)             Command: <epstopdf --outfile=face56-eps-converted-to.pdf
 face56.eps>
(epstopdf)             \includegraphics on input line 2629.
Package epstopdf Info: Output file is already uptodate.

<face56-eps-converted-to.pdf, id=1141, 697.60625pt x 697.60625pt>
File: face56-eps-converted-to.pdf Graphic file (type pdf)

<use face56-eps-converted-to.pdf>
Package pdftex.def Info: face56-eps-converted-to.pdf used on input line 2629.
(pdftex.def)             Requested size: 170.71652pt x 170.7181pt.
 <gan.png, id=1143, 640.3925pt x 480.79625pt>
File: gan.png Graphic file (type png)

<use gan.png>
Package pdftex.def Info: gan.png used on input line 2653.
(pdftex.def)             Requested size: 256.15245pt x 192.31508pt.
 <gan1.jpg, id=1146, 1906.12125pt x 860.21375pt>
File: gan1.jpg Graphic file (type jpg)
 <use gan1.jpg>
Package pdftex.def Info: gan1.jpg used on input line 2663.
(pdftex.def)             Requested size: 476.52914pt x 215.0529pt.

Overfull \hbox (46.52452pt too wide) in paragraph at lines 2663--2664
 [][] 
 []

[57 <./VAE_Process.png> <./face2-eps-converted-to.pdf> <./face150-eps-converted
-to.pdf> <./face268-eps-converted-to.pdf> <./face700-eps-converted-to.pdf> <./f
ace990-eps-converted-to.pdf> <./face1004-eps-converted-to.pdf> <./face1354-eps-
converted-to.pdf> <./face56-eps-converted-to.pdf>]
<gan2.jpg, id=1180, 1313.90875pt x 891.33pt>
File: gan2.jpg Graphic file (type jpg)
 <use gan2.jpg>
Package pdftex.def Info: gan2.jpg used on input line 2670.
(pdftex.def)             Requested size: 394.17567pt x 267.40106pt.
 [58 <./gan.png> <./gan1.jpg>] [59 <./gan2.jpg>] [60] <mc.png, id=1210, 1445.4p
t x 763.85374pt>
File: mc.png Graphic file (type png)

<use mc.png>
Package pdftex.def Info: mc.png used on input line 2773.
(pdftex.def)             Requested size: 433.62335pt x 229.15788pt.

Overfull \hbox (3.61873pt too wide) in paragraph at lines 2773--2774
 [][] 
 []

[61 <./mc.png (PNG copy)>] [62]
Underfull \hbox (badness 10000) in paragraph at lines 2928--2932

 []

<WGAN_algorithm.png, id=1240, 574.145pt x 341.275pt>
File: WGAN_algorithm.png Graphic file (type png)
 <use WGAN_algorithm.png>
Package pdftex.def Info: WGAN_algorithm.png used on input line 2940.
(pdftex.def)             Requested size: 344.005pt x 204.48016pt.


LaTeX Warning: `!h' float specifier changed to `!ht'.

<GAN_algorithm.png, id=1241, 1597.97pt x 1039.885pt>
File: GAN_algorithm.png Graphic file (type png)
 <use GAN_algorithm.png>
Package pdftex.def Info: GAN_algorithm.png used on input line 2950.
(pdftex.def)             Requested size: 344.005pt x 223.85652pt.


LaTeX Warning: `!h' float specifier changed to `!ht'.

<WassGAN_loss_function.jpg, id=1243, 452.4403pt x 301.125pt>
File: WassGAN_loss_function.jpg Graphic file (type jpg)

<use WassGAN_loss_function.jpg>
Package pdftex.def Info: WassGAN_loss_function.jpg used on input line 2972.
(pdftex.def)             Requested size: 258.00539pt x 171.71654pt.


LaTeX Warning: `!h' float specifier changed to `!ht'.

[63] [64 <./WGAN_algorithm.png> <./GAN_algorithm.png (PNG copy)>]
Underfull \hbox (badness 10000) in paragraph at lines 2994--2997

 []

<explode.png, id=1264, 1606.0pt x 892.33376pt>
File: explode.png Graphic file (type png)
 <use explode.png>
Package pdftex.def Info: explode.png used on input line 3007.
(pdftex.def)             Requested size: 215.0023pt x 119.45229pt.

<value.jpg, id=1266, 1204.5pt x 597.23125pt>
File: value.jpg Graphic file (type jpg)
 <use value.jpg>
Package pdftex.def Info: value.jpg used on input line 3018.
(pdftex.def)             Requested size: 344.005pt x 170.56807pt.


LaTeX Warning: `!h' float specifier changed to `!ht'.

[65 <./WassGAN_loss_function.jpg> <./explode.png (PNG copy)>]
Missing character: There is no ‚ in font cmr9!
Missing character: There is no Ä in font cmr9!
Missing character: There is no ô in font cmr9!

<WGAN_GP.png, id=1277, 797.98125pt x 421.575pt>
File: WGAN_GP.png Graphic file (type png)
 <use WGAN_GP.png>
Package pdftex.def Info: WGAN_GP.png used on input line 3060.
(pdftex.def)             Requested size: 365.50655pt x 193.09703pt.


LaTeX Warning: `!h' float specifier changed to `!ht'.

Missing character: There is no ‚ in font cmr9!
Missing character: There is no Ä in font cmr9!
Missing character: There is no ô in font cmr9!
[66 <./value.jpg>] <experiment.png, id=1290, 1606.0pt x 1225.57875pt>
File: experiment.png Graphic file (type png)

<use experiment.png>
Package pdftex.def Info: experiment.png used on input line 3084.
(pdftex.def)             Requested size: 301.00192pt x 229.70195pt.


LaTeX Warning: `!h' float specifier changed to `!ht'.


Overfull \hbox (18.90324pt too wide) in paragraph at lines 3091--3094
\OT1/cmr/m/n/9 2. M. Ar-jovsky, S. Chin-tala, and L. Bot-tou. Wasser-stein gan.
 arXiv preprint arXiv:1701.07875.
 []


Overfull \hbox (4.02881pt too wide) in paragraph at lines 3091--3094
\OT1/cmr/m/n/9 3. Ishaan Gul-ra-jani, Faruk Ahmed, Mar-tin Ar-jovsky, Vin-cent 
Du-moulin, Aaron Courville1,
 []


Underfull \hbox (badness 10000) in paragraph at lines 3091--3094

 []

<bandits.png, id=1292, 785.0759pt x 526.96875pt>
File: bandits.png Graphic file (type png)
 <use bandits.png>
Package pdftex.def Info: bandits.png used on input line 3122.
(pdftex.def)             Requested size: 245.71425pt x 164.92659pt.


LaTeX Warning: `!h' float specifier changed to `!ht'.

<online_ad.png, id=1294, 839.2784pt x 450.39696pt>
File: online_ad.png Graphic file (type png)
 <use online_ad.png>
Package pdftex.def Info: online_ad.png used on input line 3133.
(pdftex.def)             Requested size: 307.14749pt x 164.82991pt.


LaTeX Warning: `!h' float specifier changed to `!ht'.

<ada.jpg, id=1296, 302.0886pt x 308.352pt>
File: ada.jpg Graphic file (type jpg)
 <use ada.jpg>
Package pdftex.def Info: ada.jpg used on input line 3144.
(pdftex.def)             Requested size: 307.14749pt x 313.54092pt.
 [67 <./WGAN_GP.png (PNG copy)>]

LaTeX Warning: `!h' float specifier changed to `!ht'.

<robo.jpeg, id=1309, 1284.8pt x 1284.8pt>
File: robo.jpeg Graphic file (type jpg)
 <use robo.jpeg>
Package pdftex.def Info: robo.jpeg used on input line 3155.
(pdftex.def)             Requested size: 184.29036pt x 184.28177pt.


LaTeX Warning: `!h' float specifier changed to `!ht'.

[68 <./experiment.png (PNG copy)> <./bandits.png>] [69 <./online_ad.png>]
<den.png, id=1329, 551.91911pt x 287.78946pt>
File: den.png Graphic file (type png)
 <use den.png>
Package pdftex.def Info: den.png used on input line 3229.
(pdftex.def)             Requested size: 184.29036pt x 96.09499pt.


LaTeX Warning: `!h' float specifier changed to `!ht'.


Overfull \hbox (16.85757pt too wide) in paragraph at lines 3240--3241
[]\OT1/cmr/m/n/9 Recall: we have avail-able the en-tire his-tory of pre-vi-ous 
ac-tions and re-wards $\OML/cmm/m/it/9 A[]; R[]; A[]; R[];$
 []

[70 <./ada.jpg>] [71 <./robo.jpeg> <./den.png>]
<opti.png, id=1345, 619.88731pt x 711.94554pt>
File: opti.png Graphic file (type png)
 <use opti.png>
Package pdftex.def Info: opti.png used on input line 3342.
(pdftex.def)             Requested size: 153.57375pt x 176.37816pt.


LaTeX Warning: `!h' float specifier changed to `!ht'.

[72] [73 <./opti.png>] <k=5.sigma=0.01.png, id=1374, 901.2241pt x 363.5009pt>
File: k=5.sigma=0.01.png Graphic file (type png)

<use k=5.sigma=0.01.png>
Package pdftex.def Info: k=5.sigma=0.01.png used on input line 3486.
(pdftex.def)             Requested size: 430.00462pt x 173.43568pt.


LaTeX Warning: `!h' float specifier changed to `!ht'.

<k=5.png, id=1376, 808.30554pt x 634.5134pt>
File: k=5.png Graphic file (type png)
 <use k=5.png>
Package pdftex.def Info: k=5.png used on input line 3497.
(pdftex.def)             Requested size: 430.00462pt x 337.55882pt.


LaTeX Warning: `!h' float specifier changed to `!ht'.

<k=2.sigma=0.01.png, id=1378, 805.72446pt x 385.87018pt>
File: k=2.sigma=0.01.png Graphic file (type png)

<use k=2.sigma=0.01.png>
Package pdftex.def Info: k=2.sigma=0.01.png used on input line 3508.
(pdftex.def)             Requested size: 430.00462pt x 205.92918pt.


LaTeX Warning: `!h' float specifier changed to `!ht'.

[74] <th.png, id=1396, 866.80981pt x 684.41411pt>
File: th.png Graphic file (type png)
 <use th.png>
Package pdftex.def Info: th.png used on input line 3549.
(pdftex.def)             Requested size: 337.86412pt x 266.77422pt.
 [75 <./k=5.sigma=0.01.png>] [76 <./k=5.png>] [77 <./k=2.sigma=0.01.png>]
Overfull \hbox (4.5833pt too wide) in paragraph at lines 3651--3653
[]\OT1/cmr/m/n/9 Loss-based importance-weighted es-ti-ma-tor: prefer-able be-ca
use takes val-ues in $(\OMS/cmsy/m/n/9  1\OML/cmm/m/it/9 ; \OT1/cmr/m/n/9 1]$: 

 []

[78 <./th.png>] [79] [80] <Alg_1.PNG, id=1460, 705.38531pt x 493.0922pt>
File: Alg_1.PNG Graphic file (type png)

<use Alg_1.PNG>
Package pdftex.def Info: Alg_1.PNG used on input line 3831.
(pdftex.def)             Requested size: 317.42046pt x 221.88943pt.
 <Alg_2.PNG, id=1461, 697.10437pt x 319.94531pt>
File: Alg_2.PNG Graphic file (type png)

<use Alg_2.PNG>
Package pdftex.def Info: Alg_2.PNG used on input line 3844.
(pdftex.def)             Requested size: 327.6391pt x 150.37431pt.
 <Alg_3.PNG, id=1462, 700.86844pt x 252.19218pt>
File: Alg_3.PNG Graphic file (type png)

<use Alg_3.PNG>
Package pdftex.def Info: Alg_3.PNG used on input line 3866.
(pdftex.def)             Requested size: 315.38788pt x 113.48543pt.
 <Alg_4.PNG, id=1463, 686.565pt x 238.64156pt>
File: Alg_4.PNG Graphic file (type png)
 <use Alg_4.PNG>
Package pdftex.def Info: Alg_4.PNG used on input line 3883.
(pdftex.def)             Requested size: 343.28166pt x 119.32048pt.

[81] [82 <./Alg_1.PNG> <./Alg_2.PNG>] [83 <./Alg_3.PNG> <./Alg_4.PNG>]
Missing character: There is no ‚ in font cmr9!
Missing character: There is no Ä in font cmr9!
Missing character: There is no ô in font cmr9!
 [84]
<thumbnail.png, id=1524, 679.53876pt x 506.89375pt>
File: thumbnail.png Graphic file (type png)
 <use thumbnail.png>
Package pdftex.def Info: thumbnail.png used on input line 4007.
(pdftex.def)             Requested size: 258.00539pt x 192.45146pt.

<RL.png, id=1526, 364.36125pt x 357.335pt>
File: RL.png Graphic file (type png)
 <use RL.png>
Package pdftex.def Info: RL.png used on input line 4047.
(pdftex.def)             Requested size: 215.0023pt x 210.85307pt.
 [85 <./thumbnail.png>]
LaTeX Font Info:    Font shape `OMS/cmr/m/it' in size <9> not available
(Font)              Font shape `OMS/cmsy/m/n' tried instead on input line 4094.


[86 <./RL.png>] [87]
Overfull \hbox (14.47661pt too wide) in paragraph at lines 4297--4299
\OT1/cmr/m/n/9 Policy is now a vec-tor $\OML/cmm/m/it/9  \OT1/cmr/m/n/9 = (\OM
L/cmm/m/it/9 []; [] ; []\OT1/cmr/m/n/9 )$ so that $\OML/cmm/m/it/9 A[] \OT1/c
mr/m/n/9 = \OML/cmm/m/it/9 []\OT1/cmr/m/n/9 (\OML/cmm/m/it/9 S[]\OT1/cmr/m/n/9
 )\OML/cmm/m/it/9 ; A[][]\OT1/cmr/m/n/9 (\OML/cmm/m/it/9 S[]\OT1/cmr/m/n/9 )\O
ML/cmm/m/it/9 ; [] ; A[] \OT1/cmr/m/n/9 =
 []

[88] <compare.png, id=1572, 2356.805pt x 1274.7625pt>
File: compare.png Graphic file (type png)
 <use compare.png>
Package pdftex.def Info: compare.png used on input line 4314.
(pdftex.def)             Requested size: 344.005pt x 186.05153pt.

[89 <./compare.png (PNG copy)>]
Overfull \hbox (3.40147pt too wide) in paragraph at lines 4415--4416
\OT1/cmr/m/it/9 ward pro-cess with de-ci-sions (ac-tions). It is for-mally spec
-i-fied by a 5-tuple $\OML/cmm/m/it/9 < \OMS/cmsy/m/n/9 S\OML/cmm/m/it/9 ; \OMS
/cmsy/m/n/9 A\OML/cmm/m/it/9 ; \OMS/cmsy/m/n/9 P\OML/cmm/m/it/9 ; \OMS/cmsy/m/n
/9 R\OML/cmm/m/it/9 ;  >$\OT1/cmr/m/it/9 . 
 []

[90]
Missing character: There is no ‚ in font cmr9!
Missing character: There is no Ä in font cmr9!
Missing character: There is no ô in font cmr9!
 <maze.png, id=1594, 269.005pt x 226.8475pt>
File: maze.png Graphic file (type png)
 <use maze.png>
Package pdftex.def Info: maze.png used on input line 4487.
(pdftex.def)             Requested size: 134.50217pt x 113.42346pt.

<value.png, id=1595, 364.36125pt x 290.08376pt>
File: value.png Graphic file (type png)
 <use value.png>
Package pdftex.def Info: value.png used on input line 4491.
(pdftex.def)             Requested size: 182.18018pt x 145.04152pt.

<policy.png, id=1596, 378.41376pt x 298.11375pt>
File: policy.png Graphic file (type png)
 <use policy.png>
Package pdftex.def Info: policy.png used on input line 4501.
(pdftex.def)             Requested size: 189.2064pt x 149.0565pt.

<model.png, id=1597, 308.15125pt x 238.8925pt>
File: model.png Graphic file (type png)
 <use model.png>
Package pdftex.def Info: model.png used on input line 4505.
(pdftex.def)             Requested size: 154.07524pt x 119.44595pt.
 [91 <./maze.png> <./value.png>] [92 <./policy.png> <./model.png>]
<uni_rl.png, id=1618, 356.45673pt x 323.33296pt>
File: uni_rl.png Graphic file (type png)
 <use uni_rl.png>
Package pdftex.def Info: uni_rl.png used on input line 4625.
(pdftex.def)             Requested size: 301.00192pt x 273.0434pt.
 [93] [94 <./uni_rl.png>]
Overfull \hbox (10.19527pt too wide) in paragraph at lines 4743--4744
[]\OT1/cmr/m/n/9 Example: Fea-tures $\OML/cmm/m/it/9 x\OT1/cmr/m/n/9 (\OML/cmm/
m/it/9 s\OT1/cmr/m/n/9 )$. Lin-ear ap-prox-i-ma-tion: $[](\OML/cmm/m/it/9 s; w\
OT1/cmr/m/n/9 ) = \OML/cmm/m/it/9 x\OT1/cmr/m/n/9 (\OML/cmm/m/it/9 s\OT1/cmr/m/
n/9 )[]\OML/cmm/m/it/9 w$\OT1/cmr/m/n/9 . In that case $\OMS/cmsy/m/n/9 r[][]\O
T1/cmr/m/n/9 (\OML/cmm/m/it/9 s; w\OT1/cmr/m/n/9 ) =
 []

[95] [96] [97]
Missing character: There is no ‚ in font cmr9!
Missing character: There is no Ä in font cmr9!
Missing character: There is no ú in font cmr9!
Missing character: There is no ‚ in font cmr9!
Missing character: There is no Ä in font cmr9!
Missing character: There is no ù in font cmr9!
Missing character: There is no ‚ in font cmr9!
Missing character: There is no Ä in font cmr9!
Missing character: There is no ì in font cmr9!
Missing character: There is no ‚ in font cmr9!
Missing character: There is no Ä in font cmr9!
Missing character: There is no ¢ in font cmr9!
Missing character: There is no ‚ in font cmr9!
Missing character: There is no Ä in font cmr9!
Missing character: There is no ¢ in font cmr9!
Missing character: There is no ‚ in font cmr9!
Missing character: There is no Ä in font cmr9!
Missing character: There is no ¢ in font cmr9!
Missing character: There is no ‚ in font cmr9!
Missing character: There is no Ä in font cmr9!
Missing character: There is no ¢ in font cmr9!
Missing character: There is no ‚ in font cmr9!
Missing character: There is no Ä in font cmr9!
Missing character: There is no ¢ in font cmr9!
Missing character: There is no ‚ in font cmr9!
Missing character: There is no Ä in font cmr9!
Missing character: There is no ¢ in font cmr9!
Missing character: There is no ‚ in font cmr9!
Missing character: There is no Ä in font cmr9!
Missing character: There is no ì in font cmr9!
Missing character: There is no ‚ in font cmr9!
Missing character: There is no Ä in font cmr9!
Missing character: There is no ì in font cmr9!
Missing character: There is no ‚ in font cmr9!
Missing character: There is no Ä in font cmr9!
Missing character: There is no ¢ in font cmr9!
Missing character: There is no ‚ in font cmr9!
Missing character: There is no Ä in font cmr9!
Missing character: There is no ¢ in font cmr9!
Missing character: There is no ‚ in font cmr9!
Missing character: There is no Ä in font cmr9!
Missing character: There is no ¢ in font cmr9!
Missing character: There is no ‚ in font cmr9!
Missing character: There is no Ä in font cmr9!
Missing character: There is no ¢ in font cmr9!
Missing character: There is no ‚ in font cmr9!
Missing character: There is no Ä in font cmr9!
Missing character: There is no ì in font cmr9!
Missing character: There is no ‚ in font cmr9!
Missing character: There is no Ä in font cmr9!
Missing character: There is no ¢ in font cmr9!
Missing character: There is no ‚ in font cmr9!
Missing character: There is no Ä in font cmr9!
Missing character: There is no ¢ in font cmr9!
Missing character: There is no ‚ in font cmr9!
Missing character: There is no Ä in font cmr9!
Missing character: There is no ¢ in font cmr9!
Missing character: There is no ‚ in font cmr9!
Missing character: There is no Ä in font cmr9!
Missing character: There is no ¢ in font cmr9!
Missing character: There is no ‚ in font cmr9!
Missing character: There is no Ä in font cmr9!
Missing character: There is no ì in font cmr9!
Missing character: There is no ‚ in font cmr9!
Missing character: There is no Ä in font cmr9!
Missing character: There is no ô in font cmr9!
Missing character: There is no ‚ in font cmr9!
Missing character: There is no Ä in font cmr9!
Missing character: There is no ¢ in font cmr9!
Missing character: There is no ‚ in font cmr9!
Missing character: There is no Ä in font cmr9!
Missing character: There is no ì in font cmr9!
 <maze.PNG, id=1688, 269.005pt x 226.8475pt>
File: maze.PNG Graphic file (type png)
 <use maze.PNG>
Package pdftex.def Info: maze.PNG used on input line 5028.
(pdftex.def)             Requested size: 94.15315pt x 79.39781pt.
Missing character: There is no ‚ in font cmr9!
Missing character: There is no Ä in font cmr9!
Missing character: There is no ì in font cmr9!

[98]
Missing character: There is no ‚ in font cmr9!
Missing character: There is no Ä in font cmr9!
Missing character: There is no ò in font cmr9!
Missing character: There is no ‚ in font cmr9!
Missing character: There is no Ä in font cmr9!
Missing character: There is no ô in font cmr9!
Missing character: There is no ‚ in font cmr9!
Missing character: There is no Ä in font cmr9!
Missing character: There is no ¢ in font cmr9!
Missing character: There is no ‚ in font cmr9!
Missing character: There is no Ä in font cmr9!
Missing character: There is no ¢ in font cmr9!
Missing character: There is no ‚ in font cmr9!
Missing character: There is no Ä in font cmr9!
Missing character: There is no ¢ in font cmr9!
Missing character: There is no ‚ in font cmr9!
Missing character: There is no Ä in font cmr9!
Missing character: There is no ¢ in font cmr9!
Missing character: There is no ‚ in font cmr9!
Missing character: There is no Ä in font cmr9!
Missing character: There is no ¢ in font cmr9!
Missing character: There is no ‚ in font cmr9!
Missing character: There is no Ä in font cmr9!
Missing character: There is no ¢ in font cmr9!
Missing character: There is no ‚ in font cmr9!
Missing character: There is no Ä in font cmr9!
Missing character: There is no ì in font cmr9!
Missing character: There is no ‚ in font cmr9!
Missing character: There is no Ä in font cmr9!
Missing character: There is no ì in font cmr9!
 [99 <./maze.PNG>]
Missing character: There is no ‚ in font cmr9!
Missing character: There is no Ä in font cmr9!
Missing character: There is no ¢ in font cmr9!
Missing character: There is no ‚ in font cmr9!
Missing character: There is no Ä in font cmr9!
Missing character: There is no ¢ in font cmr9!
Missing character: There is no ‚ in font cmr9!
Missing character: There is no Ä in font cmr9!
Missing character: There is no ¢ in font cmr9!
Missing character: There is no ‚ in font cmr9!
Missing character: There is no Ä in font cmr9!
Missing character: There is no ¢ in font cmr9!
Missing character: There is no ‚ in font cmr9!
Missing character: There is no Ä in font cmr9!
Missing character: There is no ¢ in font cmr9!
Missing character: There is no ‚ in font cmr9!
Missing character: There is no Ä in font cmr9!
Missing character: There is no ú in font cmr9!
Missing character: There is no ‚ in font cmr9!
Missing character: There is no Ä in font cmr9!
Missing character: There is no ù in font cmr9!
Missing character: There is no ‚ in font cmr9!
Missing character: There is no Ä in font cmr9!
Missing character: There is no ¢ in font cmr9!
Missing character: There is no ‚ in font cmr9!
Missing character: There is no Ä in font cmr9!
Missing character: There is no ú in font cmr9!
Missing character: There is no ‚ in font cmr9!
Missing character: There is no Ä in font cmr9!
Missing character: There is no ù in font cmr9!
Missing character: There is no ‚ in font cmr9!
Missing character: There is no Ä in font cmr9!
Missing character: There is no ú in font cmr9!
Missing character: There is no ‚ in font cmr9!
Missing character: There is no Ä in font cmr9!
Missing character: There is no ù in font cmr9!
 [100] [101]
Missing character: There is no ‚ in font cmr9!
Missing character: There is no Ä in font cmr9!
Missing character: There is no ¢ in font cmr9!
Missing character: There is no ‚ in font cmr9!
Missing character: There is no Ä in font cmr9!
Missing character: There is no ú in font cmr9!
Missing character: There is no ‚ in font cmr9!
Missing character: There is no Ä in font cmr9!
Missing character: There is no ù in font cmr9!
Missing character: There is no ‚ in font cmr9!
Missing character: There is no Ä in font cmr9!
Missing character: There is no ¢ in font cmr9!
 [102] [103] [104] [105]
<natl_adv.PNG, id=1784, 901.65428pt x 312.30965pt>
File: natl_adv.PNG Graphic file (type png)
 <use natl_adv.PNG>
Package pdftex.def Info: natl_adv.PNG used on input line 5656.
(pdftex.def)             Requested size: 315.58372pt x 109.31001pt.
Missing character: There is no ‚ in font cmr10!
Missing character: There is no Ä in font cmr10!
Missing character: There is no ú in font cmr10!
Missing character: There is no ‚ in font cmr10!
Missing character: There is no Ä in font cmr10!
Missing character: There is no ù in font cmr10!
Missing character: There is no ‚ in font cmr10!
Missing character: There is no Ä in font cmr10!
Missing character: There is no ú in font cmr10!
Missing character: There is no ‚ in font cmr10!
Missing character: There is no Ä in font cmr10!
Missing character: There is no ù in font cmr10!
Missing character: There is no ‚ in font cmr10!
Missing character: There is no Ä in font cmr10!
Missing character: There is no ú in font cmr10!
Missing character: There is no ‚ in font cmr10!
Missing character: There is no Ä in font cmr10!
Missing character: There is no ù in font cmr10!
Missing character: There is no ‚ in font cmr10!
Missing character: There is no Ä in font cmr10!
Missing character: There is no ú in font cmr10!
Missing character: There is no ‚ in font cmr10!
Missing character: There is no Ä in font cmr10!
Missing character: There is no ù in font cmr10!
 [106]
[107 <./natl_adv.PNG>] <inv.png, id=1805, 1370.11874pt x 575.14874pt>
File: inv.png Graphic file (type png)

<use inv.png>
Package pdftex.def Info: inv.png used on input line 5726.
(pdftex.def)             Requested size: 479.54875pt x 201.30507pt.

Overfull \hbox (49.54413pt too wide) in paragraph at lines 5726--5727
 [][] 
 []

[108 <./inv.png>] [109] [110] [111] [112]
<gradient_descent_2d2.png, id=1854, 406.51875pt x 418.56375pt>
File: gradient_descent_2d2.png Graphic file (type png)

<use gradient_descent_2d2.png>
Package pdftex.def Info: gradient_descent_2d2.png used on input line 6013.
(pdftex.def)             Requested size: 213.39452pt x 163.60324pt.
 [113 <./gradient_descent_2d2.png>]
<stochastic-vs-batch-gradient-descent.png, id=1868, 578.91281pt x 429.85594pt>
File: stochastic-vs-batch-gradient-descent.png Graphic file (type png)

<use stochastic-vs-batch-gradient-descent.png>
Package pdftex.def Info: stochastic-vs-batch-gradient-descent.png used on input
 line 6088.
(pdftex.def)             Requested size: 256.07394pt x 199.17256pt.

<comparison_table_sgd.png, id=1869, 905.3825pt x 472.76625pt>
File: comparison_table_sgd.png Graphic file (type png)

<use comparison_table_sgd.png>
Package pdftex.def Info: comparison_table_sgd.png used on input line 6118.
(pdftex.def)             Requested size: 312.97897pt x 142.2638pt.

<ravine_wiki.jpg, id=1871, 250.9375pt x 377.41pt>
File: ravine_wiki.jpg Graphic file (type jpg)
 <use ravine_wiki.jpg>
Package pdftex.def Info: ravine_wiki.jpg used on input line 6175.
(pdftex.def)             Requested size: 128.04152pt x 170.71402pt.

<ravine_sgd.png, id=1872, 819.06pt x 569.12625pt>
File: ravine_sgd.png Graphic file (type png)
 <use ravine_sgd.png>
Package pdftex.def Info: ravine_sgd.png used on input line 6181.
(pdftex.def)             Requested size: 156.48537pt x 147.95197pt.
 [114 <./stochastic-vs-batch-gradient-descent.png>]
<without_momentum.png, id=1881, 411.5375pt x 174.6525pt>
File: without_momentum.png Graphic file (type png)

<use without_momentum.png>
Package pdftex.def Info: without_momentum.png used on input line 6213.
(pdftex.def)             Requested size: 215.0023pt x 91.24355pt.

<with_momentum.png, id=1882, 411.5375pt x 174.6525pt>
File: with_momentum.png Graphic file (type png)
 <use with_momentum.png>
Package pdftex.def Info: with_momentum.png used on input line 6220.
(pdftex.def)             Requested size: 215.0023pt x 91.24355pt.

[115 <./comparison_table_sgd.png> <./ravine_wiki.jpg> <./ravine_sgd.png>]
<momentum_webpage.png, id=1895, 990.70125pt x 305.14pt>
File: momentum_webpage.png Graphic file (type png)

<use momentum_webpage.png>
Package pdftex.def Info: momentum_webpage.png used on input line 6247.
(pdftex.def)             Requested size: 430.00462pt x 132.44148pt.

<nesterov_update_vector.png, id=1899, 999.735pt x 288.07625pt>
File: nesterov_update_vector.png Graphic file (type png)

<use nesterov_update_vector.png>
Package pdftex.def Info: nesterov_update_vector.png used on input line 6286.
(pdftex.def)             Requested size: 301.00192pt x 86.73563pt.
 [116 <./without_momentum.png> <./with_momentum.png> <./momentum_webpage.png>] 
[117 <./nesterov_update_vector.png>]
<animations.png, id=1919, 945.5325pt x 421.575pt>
File: animations.png Graphic file (type png)
 <use animations.png>
Package pdftex.def Info: animations.png used on input line 6425.
(pdftex.def)             Requested size: 408.50307pt x 182.1357pt.
 [118 <./animations.png>]
<experiment_logistic_regression.png, id=1932, 923.45pt x 438.63875pt>
File: experiment_logistic_regression.png Graphic file (type png)

<use experiment_logistic_regression.png>
Package pdftex.def Info: experiment_logistic_regression.png used on input line 
6549.
(pdftex.def)             Requested size: 408.50307pt x 194.03906pt.

<experiment_cnn.png, id=1934, 819.06pt x 388.45125pt>
File: experiment_cnn.png Graphic file (type png)
 <use experiment_cnn.png>
Package pdftex.def Info: experiment_cnn.png used on input line 6573.
(pdftex.def)             Requested size: 408.50307pt x 193.7391pt.

[119] [120 <./experiment_logistic_regression.png> <./experiment_cnn.png>]
<NMT1.png, id=1956, 879.285pt x 576.1525pt>
File: NMT1.png Graphic file (type png)
 <use NMT1.png>
Package pdftex.def Info: NMT1.png used on input line 6691.
(pdftex.def)             Requested size: 430.00462pt x 281.75453pt.

<NMT2.png, id=1957, 760.8425pt x 510.90875pt>
File: NMT2.png Graphic file (type png)
 <use NMT2.png>
Package pdftex.def Info: NMT2.png used on input line 6705.
(pdftex.def)             Requested size: 430.00462pt x 288.75752pt.
 [121] [122 <./NMT1.png>]
Missing character: There is no ‚ in font cmr9!
Missing character: There is no Ä in font cmr9!
Missing character: There is no ì in font cmr9!
 [123 <./NMT2.png>] <mapred.png, id=1984, 1072.75781pt x 610.53094pt>
File: mapred.png Graphic file (type png)

<use mapred.png>
Package pdftex.def Info: mapred.png used on input line 6822.
(pdftex.def)             Requested size: 307.14749pt x 174.80429pt.
 <image5.png, id=1986, 882.29625pt x 447.81589pt>
File: image5.png Graphic file (type png)

<use image5.png>
Package pdftex.def Info: image5.png used on input line 6838.
(pdftex.def)             Requested size: 307.14749pt x 155.8906pt.
 [124] [125 <./mapred.png> <./image5.png>]
<fc.png, id=2006, 572.1375pt x 397.485pt>
File: fc.png Graphic file (type png)
 <use fc.png>
Package pdftex.def Info: fc.png used on input line 6853.
(pdftex.def)             Requested size: 307.14749pt x 213.38928pt.
 [126 <./fc.png>]
Missing character: There is no ‚ in font cmr9!
Missing character: There is no Ä in font cmr9!
Missing character: There is no ¢ in font cmr9!
Missing character: There is no ‚ in font cmr9!
Missing character: There is no Ä in font cmr9!
Missing character: There is no ¢ in font cmr9!
Missing character: There is no ‚ in font cmr9!
Missing character: There is no Ä in font cmr9!
Missing character: There is no ¢ in font cmr9!
Missing character: There is no ‚ in font cmr9!
Missing character: There is no Ä in font cmr9!
Missing character: There is no ¢ in font cmr9!
Missing character: There is no ‚ in font cmr9!
Missing character: There is no Ä in font cmr9!
Missing character: There is no ¢ in font cmr9!
Missing character: There is no ‚ in font cmr9!
Missing character: There is no Ä in font cmr9!
Missing character: There is no ¢ in font cmr9!
Missing character: There is no ‚ in font cmr9!
Missing character: There is no Ä in font cmr9!
Missing character: There is no ¢ in font cmr9!
Missing character: There is no ‚ in font cmr9!
Missing character: There is no Ä in font cmr9!
Missing character: There is no ¢ in font cmr9!
Missing character: There is no ‚ in font cmr9!
Missing character: There is no Ä in font cmr9!
Missing character: There is no ¢ in font cmr9!
Missing character: There is no ‚ in font cmr9!
Missing character: There is no Ä in font cmr9!
Missing character: There is no ¢ in font cmr9!
Missing character: There is no ‚ in font cmr9!
Missing character: There is no Ä in font cmr9!
Missing character: There is no ¢ in font cmr9!
Missing character: There is no ‚ in font cmr9!
Missing character: There is no Ä in font cmr9!
Missing character: There is no ¢ in font cmr9!
Missing character: There is no ‚ in font cmr9!
Missing character: There is no Ä in font cmr9!
Missing character: There is no ¢ in font cmr9!
Missing character: There is no ‚ in font cmr9!
Missing character: There is no Ä in font cmr9!
Missing character: There is no ¢ in font cmr9!
Missing character: There is no ‚ in font cmr9!
Missing character: There is no Ä in font cmr9!
Missing character: There is no ¢ in font cmr9!

[127]
Missing character: There is no ‚ in font cmr9!
Missing character: There is no Ä in font cmr9!
Missing character: There is no ¢ in font cmr9!
Missing character: There is no ‚ in font cmr9!
Missing character: There is no Ä in font cmr9!
Missing character: There is no ¢ in font cmr9!
Missing character: There is no ‚ in font cmr9!
Missing character: There is no Ä in font cmr9!
Missing character: There is no ¢ in font cmr9!
Missing character: There is no ‚ in font cmr9!
Missing character: There is no Ä in font cmr9!
Missing character: There is no ¢ in font cmr9!
Missing character: There is no ‚ in font cmr9!
Missing character: There is no Ä in font cmr9!
Missing character: There is no ¢ in font cmr9!
Missing character: There is no ‚ in font cmr9!
Missing character: There is no Ä in font cmr9!
Missing character: There is no ¢ in font cmr9!
Missing character: There is no ‚ in font cmr9!
Missing character: There is no Ä in font cmr9!
Missing character: There is no ¢ in font cmr9!
Missing character: There is no ‚ in font cmr9!
Missing character: There is no Ä in font cmr9!
Missing character: There is no ¢ in font cmr9!
Missing character: There is no ‚ in font cmr9!
Missing character: There is no Ä in font cmr9!
Missing character: There is no ¢ in font cmr9!
Missing character: There is no ‚ in font cmr9!
Missing character: There is no Ä in font cmr9!
Missing character: There is no ¢ in font cmr9!
Missing character: There is no ‚ in font cmr9!
Missing character: There is no Ä in font cmr9!
Missing character: There is no ¢ in font cmr9!
Missing character: There is no ‚ in font cmr9!
Missing character: There is no Ä in font cmr9!
Missing character: There is no ¢ in font cmr9!
Missing character: There is no ‚ in font cmr9!
Missing character: There is no Ä in font cmr9!
Missing character: There is no ¢ in font cmr9!
Missing character: There is no ‚ in font cmr9!
Missing character: There is no Ä in font cmr9!
Missing character: There is no ¢ in font cmr9!
Missing character: There is no ‚ in font cmr9!
Missing character: There is no Ä in font cmr9!
Missing character: There is no ô in font cmr9!
 [128] <nas.png, id=2058, 368.1253pt x 143.03438pt>
File: nas.png Graphic file (type png)
 <use nas.png>
Package pdftex.def Info: nas.png used on input line 7111.
(pdftex.def)             Requested size: 258.00539pt x 100.25432pt.

<nas2.png, id=2060, 877.2775pt x 625.33624pt>
File: nas2.png Graphic file (type png)
 <use nas2.png>
Package pdftex.def Info: nas2.png used on input line 7132.
(pdftex.def)             Requested size: 258.00539pt x 183.90962pt.
Missing character: There is no ‚ in font cmr9!
Missing character: There is no Ä in font cmr9!
Missing character: There is no ì in font cmr9!
Missing character: There is no ‚ in font cmr9!
Missing character: There is no Ä in font cmr9!
Missing character: There is no ì in font cmr9!
Missing character: There is no ‚ in font cmr9!
Missing character: There is no Ä in font cmr9!
Missing character: There is no ì in font cmr9!
Missing character: There is no ‚ in font cmr9!
Missing character: There is no Ä in font cmr9!
Missing character: There is no ú in font cmr9!
Missing character: There is no ‚ in font cmr9!
Missing character: There is no Ä in font cmr9!
Missing character: There is no ù in font cmr9!
Missing character: There is no ‚ in font cmr9!
Missing character: There is no Ä in font cmr9!
Missing character: There is no ì in font cmr9!
 [129 <./nas.png> <./nas2.png>] <nas3.png, id=2073, 879.285pt x 628.3475pt>
File: nas3.png Graphic file (type png)
 <use nas3.png>
Package pdftex.def Info: nas3.png used on input line 7151.
(pdftex.def)             Requested size: 258.00539pt x 184.37335pt.

<nas4.png, id=2075, 561.97453pt x 448.29985pt>
File: nas4.png Graphic file (type png)
 <use nas4.png>
Package pdftex.def Info: nas4.png used on input line 7163.
(pdftex.def)             Requested size: 280.98657pt x 224.14937pt.

Overfull \hbox (65.98427pt too wide) in paragraph at lines 7163--7164
 [][] 
 []

<nas5.png, id=2076, 161.85469pt x 160.34906pt>
File: nas5.png Graphic file (type png)
 <use nas5.png>
Package pdftex.def Info: nas5.png used on input line 7167.
(pdftex.def)             Requested size: 97.11354pt x 96.21017pt.


LaTeX Warning: `!h' float specifier changed to `!ht'.

<nas6.png, id=2079, 897.3525pt x 615.29875pt>
File: nas6.png Graphic file (type png)
 <use nas6.png>
Package pdftex.def Info: nas6.png used on input line 7204.
(pdftex.def)             Requested size: 387.00153pt x 265.36195pt.


LaTeX Warning: `!h' float specifier changed to `!ht'.

<nas7.png, id=2080, 1135.24126pt x 433.62pt>
File: nas7.png Graphic file (type png)
 <use nas7.png>
Package pdftex.def Info: nas7.png used on input line 7212.
(pdftex.def)             Requested size: 387.00153pt x 147.81921pt.


LaTeX Warning: `!h' float specifier changed to `!ht'.

[130 <./nas3.png>] <nas8.png, id=2105, 904.37875pt x 620.3175pt>
File: nas8.png Graphic file (type png)

<use nas8.png>
Package pdftex.def Info: nas8.png used on input line 7235.
(pdftex.def)             Requested size: 344.005pt x 235.95027pt.


LaTeX Warning: `!h' float specifier changed to `!ht'.

<nas9.png, id=2106, 892.33376pt x 618.31pt>
File: nas9.png Graphic file (type png)
 <use nas9.png>
Package pdftex.def Info: nas9.png used on input line 7243.
(pdftex.def)             Requested size: 258.00539pt x 178.77696pt.


LaTeX Warning: `!h' float specifier changed to `!ht'.

<nas10.png, id=2108, 1372.12625pt x 352.31625pt>
File: nas10.png Graphic file (type png)
 <use nas10.png>
Package pdftex.def Info: nas10.png used on input line 7261.
(pdftex.def)             Requested size: 387.00153pt x 99.36824pt.


LaTeX Warning: `!h' float specifier changed to `!ht'.

Missing character: There is no ‚ in font cmr9!
Missing character: There is no Ä in font cmr9!
Missing character: There is no ô in font cmr9!
<DARTS.png, id=2110, 1005.7575pt x 538.01pt>
File: DARTS.png Graphic file (type png)
 <use DARTS.png>
Package pdftex.def Info: DARTS.png used on input line 7294.
(pdftex.def)             Requested size: 387.00153pt x 207.01544pt.


LaTeX Warning: `!h' float specifier changed to `!ht'.

[131 <./nas4.png> <./nas5.png>] [132 <./nas6.png> <./nas7.png>] [133 <./nas8.pn
g> <./nas9.png>] [134 <./nas10.png> <./DARTS.png>] [135]
<pennai.jpg, id=2177, 646.21425pt x 428.802pt>
File: pennai.jpg Graphic file (type jpg)
 <use pennai.jpg>
Package pdftex.def Info: pennai.jpg used on input line 7478.
(pdftex.def)             Requested size: 301.00192pt x 199.73764pt.


LaTeX Warning: `!h' float specifier changed to `!ht'.

[136] <saliency.png, id=2197, 883.58679pt x 389.74179pt>
File: saliency.png Graphic file (type png)
 <use saliency.png>
Package pdftex.def Info: saliency.png used on input line 7535.
(pdftex.def)             Requested size: 430.00462pt x 189.67276pt.

[137 <./pennai.jpg>] [138 <./saliency.png>]
<lot.png, id=2213, 1053.07715pt x 443.94429pt>
File: lot.png Graphic file (type png)
 <use lot.png>
Package pdftex.def Info: lot.png used on input line 7654.
(pdftex.def)             Requested size: 430.00462pt x 181.27318pt.
 [139]
Missing character: There is no ‚ in font cmr9!
Missing character: There is no Ä in font cmr9!
Missing character: There is no î in font cmr9!
Missing character: There is no ‚ in font cmr9!
Missing character: There is no Ä in font cmr9!
Missing character: There is no î in font cmr9!
 [140 <./lot.png>] [141] <br.png, id=2247, 231.86626pt x 224.12303pt>
File: br.png Graphic file (type png)
 <use br.png>
Package pdftex.def Info: br.png used on input line 7822.
(pdftex.def)             Requested size: 171.99922pt x 166.2588pt.
 [142 <./br.png>]
Missing character: There is no ‚ in font cmr9!
Missing character: There is no Ä in font cmr9!
Missing character: There is no ì in font cmr9!
 [143] [144] [145] [146] [147]
Missing character: There is no ‚ in font cmr9!
Missing character: There is no Ä in font cmr9!
Missing character: There is no ú in font cmr9!
Missing character: There is no ‚ in font cmr9!
Missing character: There is no Ä in font cmr9!
Missing character: There is no ù in font cmr9!
Missing character: There is no ‚ in font cmr9!
Missing character: There is no Ä in font cmr9!
Missing character: There is no ì in font cmr9!

<s.png, id=2300, 1106.84946pt x 537.29303pt>
File: s.png Graphic file (type png)
 <use s.png>
Package pdftex.def Info: s.png used on input line 8256.
(pdftex.def)             Requested size: 387.00153pt x 187.85861pt.
 [148]
<rmm.png, id=2311, 246.06215pt x 183.68625pt>
File: rmm.png Graphic file (type png)
 <use rmm.png>
Package pdftex.def Info: rmm.png used on input line 8283.
(pdftex.def)             Requested size: 107.50114pt x 80.25041pt.
 [149 <./s.png> <./rmm.png>]
Missing character: There is no ‚ in font cmr9!
Missing character: There is no Ä in font cmr9!
Missing character: There is no ì in font cmr9!
Missing character: There is no ‚ in font cmr9!
Missing character: There is no Ä in font cmr9!
Missing character: There is no ú in font cmr9!
Missing character: There is no ‚ in font cmr9!
Missing character: There is no Ä in font cmr9!
Missing character: There is no ù in font cmr9!

Overfull \hbox (14.04214pt too wide) in paragraph at lines 8380--8382
[]$\OML/cmm/m/it/9 E[]\OT1/cmr/m/n/9 (\OML/cmm/m/it/9 t\OT1/cmr/m/n/9 ) = \OML/
cmm/m/it/9 n[] [][] \U/msb/m/n/9 E\OT1/cmr/m/n/9 ([] \OMS/cmsy/m/n/9   \OML/cmm
/m/it/9 z[]\OT1/cmr/m/n/9 )[] + \OML/cmm/m/it/9 [] \OT1/cmr/m/n/9 = \OML/cmm/m
/it/9 n[] [][]\OT1/cmr/m/n/9 [(\OML/cmm/m/it/9 [] \OT1/cmr/m/n/9 + \OML/cmm/m/
it/9 []\OT1/cmr/m/n/9 ) [](\OMS/cmsy/m/n/9  \OT1/cmr/m/n/9 2\OML/cmm/m/it/9 [
]t=\OT1/cmr/m/n/9 ) + \OML/cmm/m/it/9 []=[]\OT1/cmr/m/n/9 (1 \OMS/cmsy/m/n/9
   []\OT1/cmr/m/n/9 (\OMS/cmsy/m/n/9  \OML/cmm/m/it/9 []t=\OT1/cmr/m/n/9 ))[]
] +
 []

[150]
Missing character: There is no ‚ in font cmr9!
Missing character: There is no Ä in font cmr9!
Missing character: There is no ú in font cmr9!
Missing character: There is no ‚ in font cmr9!
Missing character: There is no Ä in font cmr9!
Missing character: There is no ù in font cmr9!
Missing character: There is no ‚ in font cmr9!
Missing character: There is no Ä in font cmr9!
Missing character: There is no ú in font cmr9!
Missing character: There is no ‚ in font cmr9!
Missing character: There is no Ä in font cmr9!
Missing character: There is no ù in font cmr9!
 [151] [152] [153]
Package atveryend Info: Empty hook `BeforeClearDocument' on input line 8783.
 [154]
Package atveryend Info: Empty hook `AfterLastShipout' on input line 8783.
 ("stat 991.aux")
Package atveryend Info: Executing hook `AtVeryEndDocument' on input line 8783.
Package atveryend Info: Executing hook `AtEndAfterFileList' on input line 8783.

Package rerunfilecheck Info: File `"stat 991".out' has not changed.
(rerunfilecheck)             Checksum: DA064DE463B1CE0E274664167E81E82B;6363.
Package atveryend Info: Empty hook `AtVeryVeryEnd' on input line 8783.
 ) 
Here is how much of TeX's memory you used:
 11480 strings out of 493323
 162341 string characters out of 3139067
 256047 words of memory out of 3000000
 13743 multiletter control sequences out of 15000+200000
 20785 words of font info for 77 fonts, out of 3000000 for 9000
 1141 hyphenation exceptions out of 8191
 43i,18n,41p,760b,622s stack positions out of 5000i,500n,10000p,200000b,50000s
<C:/Program Files/MiKTeX 2.9/fonts/type1/public/amsfonts/cm/cmbx10.pfb><C:/Pr
ogram Files/MiKTeX 2.9/fonts/type1/public/amsfonts/cm/cmbx12.pfb><C:/Program Fi
les/MiKTeX 2.9/fonts/type1/public/amsfonts/cm/cmbx9.pfb><C:/Program Files/MiKTe
X 2.9/fonts/type1/public/amsfonts/cm/cmbxti10.pfb><C:/Program Files/MiKTeX 2.9/
fonts/type1/public/amsfonts/cmextra/cmex7.pfb><C:/Program Files/MiKTeX 2.9/font
s/type1/public/amsfonts/cmextra/cmex9.pfb><C:/Program Files/MiKTeX 2.9/fonts/ty
pe1/public/amsfonts/cm/cmmi10.pfb><C:/Program Files/MiKTeX 2.9/fonts/type1/publ
ic/amsfonts/cm/cmmi5.pfb><C:/Program Files/MiKTeX 2.9/fonts/type1/public/amsfon
ts/cm/cmmi6.pfb><C:/Program Files/MiKTeX 2.9/fonts/type1/public/amsfonts/cm/cmm
i8.pfb><C:/Program Files/MiKTeX 2.9/fonts/type1/public/amsfonts/cm/cmmi9.pfb><C
:/Program Files/MiKTeX 2.9/fonts/type1/public/amsfonts/cm/cmr10.pfb><C:/Program
 Files/MiKTeX 2.9/fonts/type1/public/amsfonts/cm/cmr12.pfb><C:/Program Files/Mi
KTeX 2.9/fonts/type1/public/amsfonts/cm/cmr17.pfb><C:/Program Files/MiKTeX 2.9/
fonts/type1/public/amsfonts/cm/cmr5.pfb><C:/Program Files/MiKTeX 2.9/fonts/type
1/public/amsfonts/cm/cmr6.pfb><C:/Program Files/MiKTeX 2.9/fonts/type1/public/a
msfonts/cm/cmr8.pfb><C:/Program Files/MiKTeX 2.9/fonts/type1/public/amsfonts/cm
/cmr9.pfb><C:/Program Files/MiKTeX 2.9/fonts/type1/public/amsfonts/cm/cmsy5.pfb
><C:/Program Files/MiKTeX 2.9/fonts/type1/public/amsfonts/cm/cmsy6.pfb><C:/Prog
ram Files/MiKTeX 2.9/fonts/type1/public/amsfonts/cm/cmsy8.pfb><C:/Program Files
/MiKTeX 2.9/fonts/type1/public/amsfonts/cm/cmsy9.pfb><C:/Program Files/MiKTeX 2
.9/fonts/type1/public/amsfonts/cm/cmti9.pfb><C:/Program Files/MiKTeX 2.9/fonts/
type1/public/amsfonts/cm/cmtt10.pfb><C:/Program Files/MiKTeX 2.9/fonts/type1/pu
blic/amsfonts/cm/cmtt8.pfb><C:/Program Files/MiKTeX 2.9/fonts/type1/public/amsf
onts/cm/cmtt9.pfb><C:/Program Files/MiKTeX 2.9/fonts/type1/public/amsfonts/symb
ols/msbm10.pfb><C:/Program Files/MiKTeX 2.9/fonts/type1/public/amsfonts/symbols
/msbm7.pfb>
Output written on "stat 991.pdf" (154 pages, 28080668 bytes).
PDF statistics:
 2684 PDF objects out of 2984 (max. 8388607)
 1120 named destinations out of 1200 (max. 500000)
 1360 words of extra memory for PDF output out of 10000 (max. 10000000)

