\BOOKMARK [1][-]{section.1}{\376\377\000D\000e\000e\000p\000\040\000f\000e\000e\000d\000f\000o\000r\000w\000a\000r\000d\000\040\000n\000e\000u\000r\000a\000l\000\040\000n\000e\000t\000w\000o\000r\000k\000s}{}% 1
\BOOKMARK [2][-]{subsection.1.1}{\376\377\000T\000h\000e\000\040\000m\000o\000d\000e\000l}{section.1}% 2
\BOOKMARK [2][-]{subsection.1.2}{\376\377\000T\000r\000a\000i\000n\000i\000n\000g}{section.1}% 3
\BOOKMARK [3][-]{subsubsection.1.2.1}{\376\377\000B\000a\000c\000k\000p\000r\000o\000p\000a\000g\000a\000t\000i\000o\000n}{subsection.1.2}% 4
\BOOKMARK [3][-]{subsubsection.1.2.2}{\376\377\000R\000e\000g\000u\000l\000a\000r\000i\000z\000a\000t\000i\000o\000n}{subsection.1.2}% 5
\BOOKMARK [3][-]{subsubsection.1.2.3}{\376\377\000O\000t\000h\000e\000r\000\040\000o\000p\000t\000i\000m\000i\000z\000a\000t\000i\000o\000n\000\040\000s\000t\000e\000p\000s}{subsection.1.2}% 6
\BOOKMARK [2][-]{subsection.1.3}{\376\377\000N\000o\000t\000e\000s\000\040\000o\000n\000\040\000u\000s\000i\000n\000g\000\040\000D\000L}{section.1}% 7
\BOOKMARK [2][-]{subsection.1.4}{\376\377\000M\000i\000s\000c\000e\000l\000l\000a\000n\000e\000a}{section.1}% 8
\BOOKMARK [2][-]{subsection.1.5}{\376\377\000I\000d\000e\000a\000s}{section.1}% 9
\BOOKMARK [2][-]{subsection.1.6}{\376\377\000P\000r\000o\000b\000l\000e\000m\000s}{section.1}% 10
\BOOKMARK [1][-]{section.2}{\376\377\000C\000o\000n\000v\000o\000l\000u\000t\000i\000o\000n\000a\000l\000\040\000n\000e\000u\000r\000a\000l\000\040\000n\000e\000t\000w\000o\000r\000k\000s\000\040\000\050\000C\000N\000N\000s\000\051}{}% 11
\BOOKMARK [2][-]{subsection.2.1}{\376\377\000T\000h\000e\000\040\000p\000r\000o\000b\000l\000e\000m\000\040\000a\000n\000d\000\040\000m\000o\000d\000e\000l}{section.2}% 12
\BOOKMARK [3][-]{subsubsection.2.1.1}{\376\377\000V\000i\000s\000u\000a\000l\000i\000z\000a\000t\000i\000o\000n}{subsection.2.1}% 13
\BOOKMARK [2][-]{subsection.2.2}{\376\377\000O\000t\000h\000e\000r\000\040\000m\000e\000t\000h\000o\000d\000o\000l\000o\000g\000y}{section.2}% 14
\BOOKMARK [2][-]{subsection.2.3}{\376\377\000T\000r\000a\000i\000n\000i\000n\000g}{section.2}% 15
\BOOKMARK [2][-]{subsection.2.4}{\376\377\000G\000r\000a\000p\000h\000\040\000C\000N\000N}{section.2}% 16
\BOOKMARK [2][-]{subsection.2.5}{\376\377\000O\000t\000h\000e\000r\000\040\000a\000s\000p\000e\000c\000t\000s}{section.2}% 17
\BOOKMARK [2][-]{subsection.2.6}{\376\377\000S\000h\000a\000p\000e\000s\000\040\000b\000e\000y\000o\000n\000d\000\040\000i\000m\000a\000g\000e\000s\000,\000\040\000i\000n\000v\000a\000r\000i\000a\000n\000c\000e}{section.2}% 18
\BOOKMARK [3][-]{subsubsection.2.6.1}{\376\377\000G\000r\000o\000u\000p\000\040\000e\000q\000u\000i\000v\000a\000r\000i\000a\000n\000t\000\040\000c\000o\000n\000v\000o\000l\000u\000t\000i\000o\000n\000a\000l\000\040\000n\000e\000t\000w\000o\000r\000k\000s}{subsection.2.6}% 19
\BOOKMARK [3][-]{subsubsection.2.6.2}{\376\377\000H\000a\000r\000m\000o\000n\000i\000c\000\040\000n\000e\000t\000w\000o\000r\000k\000s}{subsection.2.6}% 20
\BOOKMARK [3][-]{subsubsection.2.6.3}{\376\377\000S\000t\000e\000e\000r\000a\000b\000l\000e\000\040\000C\000N\000N}{subsection.2.6}% 21
\BOOKMARK [3][-]{subsubsection.2.6.4}{\376\377\0003\000D\000\040\000r\000o\000t\000a\000t\000i\000o\000n\000s\000,\000\040\000S\000O\000\050\0003\000\051}{subsection.2.6}% 22
\BOOKMARK [2][-]{subsection.2.7}{\376\377\000S\000p\000a\000t\000i\000a\000l\000\040\000T\000r\000a\000n\000s\000f\000o\000r\000m\000e\000r\000\040\000N\000e\000t\000w\000o\000r\000k\000s}{section.2}% 23
\BOOKMARK [2][-]{subsection.2.8}{\376\377\000I\000m\000a\000g\000e\000\040\000d\000e\000n\000o\000i\000s\000i\000n\000g\000/\000c\000o\000m\000p\000r\000e\000s\000s\000i\000o\000n}{section.2}% 24
\BOOKMARK [1][-]{section.3}{\376\377\000R\000e\000c\000u\000r\000r\000e\000n\000t\000\040\000n\000e\000u\000r\000a\000l\000\040\000n\000e\000t\000w\000o\000r\000k\000s\000\040\000\050\000R\000N\000N\000s\000\051}{}% 25
\BOOKMARK [2][-]{subsection.3.1}{\376\377\000S\000e\000t\000u\000p}{section.3}% 26
\BOOKMARK [2][-]{subsection.3.2}{\376\377\000S\000e\000q\000u\000e\000n\000c\000e\000\040\000L\000e\000a\000r\000n\000i\000n\000g}{section.3}% 27
\BOOKMARK [3][-]{subsubsection.3.2.1}{\376\377\000M\000o\000t\000i\000v\000a\000t\000i\000o\000n}{subsection.3.2}% 28
\BOOKMARK [2][-]{subsection.3.3}{\376\377\000S\000e\000q\000u\000e\000n\000c\000e\000\040\000M\000o\000d\000e\000l\000s}{section.3}% 29
\BOOKMARK [3][-]{subsubsection.3.3.1}{\376\377\000R\000N\000N\000s}{subsection.3.3}% 30
\BOOKMARK [3][-]{subsubsection.3.3.2}{\376\377\000T\000r\000a\000i\000n\000i\000n\000g\000\040\000C\000h\000a\000l\000l\000e\000n\000g\000e\000s}{subsection.3.3}% 31
\BOOKMARK [3][-]{subsubsection.3.3.3}{\376\377\000L\000S\000T\000M\000\040\000a\000n\000d\000\040\000G\000R\000U}{subsection.3.3}% 32
\BOOKMARK [2][-]{subsection.3.4}{\376\377\000M\000a\000c\000h\000i\000n\000e\000\040\000T\000r\000a\000n\000s\000l\000a\000t\000i\000o\000n}{section.3}% 33
\BOOKMARK [3][-]{subsubsection.3.4.1}{\376\377\000A\000t\000t\000e\000n\000t\000i\000o\000n}{subsection.3.4}% 34
\BOOKMARK [3][-]{subsubsection.3.4.2}{\376\377\000T\000r\000a\000n\000s\000f\000o\000r\000m\000e\000r\000\040\000M\000o\000d\000e\000l}{subsection.3.4}% 35
\BOOKMARK [2][-]{subsection.3.5}{\376\377\000I\000m\000a\000g\000e\000\040\000+\000\040\000T\000e\000x\000t}{section.3}% 36
\BOOKMARK [2][-]{subsection.3.6}{\376\377\000O\000t\000h\000e\000r\000s}{section.3}% 37
\BOOKMARK [1][-]{section.4}{\376\377\000U\000n\000s\000u\000p\000e\000r\000v\000i\000s\000e\000d\000\040\000l\000e\000a\000r\000n\000i\000n\000g}{}% 38
\BOOKMARK [2][-]{subsection.4.1}{\376\377\000S\000e\000t\000u\000p}{section.4}% 39
\BOOKMARK [2][-]{subsection.4.2}{\376\377\000P\000C\000A\000,\000\040\000A\000E\000,\000\040\000V\000A\000E}{section.4}% 40
\BOOKMARK [2][-]{subsection.4.3}{\376\377\000G\000e\000n\000e\000r\000a\000t\000i\000v\000e\000\040\000a\000d\000v\000e\000r\000s\000a\000r\000i\000a\000l\000\040\000n\000e\000t\000w\000o\000r\000k\000s\000\040\000\050\000G\000A\000N\000\051}{section.4}% 41
\BOOKMARK [2][-]{subsection.4.4}{\376\377\000W\000a\000s\000s\000e\000r\000s\000t\000e\000i\000n\000\040\000G\000A\000N}{section.4}% 42
\BOOKMARK [3][-]{subsubsection.4.4.1}{\376\377\000W\000G\000A\000N}{subsection.4.4}% 43
\BOOKMARK [3][-]{subsubsection.4.4.2}{\376\377\000G\000r\000a\000d\000i\000e\000n\000t\000\040\000p\000e\000n\000a\000l\000t\000y}{subsection.4.4}% 44
\BOOKMARK [2][-]{subsection.4.5}{\376\377\000O\000t\000h\000e\000r\000\040\000G\000A\000N\000s}{section.4}% 45
\BOOKMARK [2][-]{subsection.4.6}{\376\377\000O\000t\000h\000e\000r\000\040\000q\000u\000e\000s\000t\000i\000o\000n\000s\000\040\000i\000n\000\040\000u\000n\000s\000u\000p\000e\000r\000v\000i\000s\000e\000d\000\040\000l\000e\000a\000r\000n\000i\000n\000g}{section.4}% 46
\BOOKMARK [1][-]{section.5}{\376\377\000S\000e\000q\000u\000e\000n\000t\000i\000a\000l\000\040\000d\000e\000c\000i\000s\000i\000o\000n\000-\000m\000a\000k\000i\000n\000g\000:\000\040\000f\000r\000o\000m\000\040\000b\000a\000n\000d\000i\000t\000s\000\040\000t\000o\000\040\000d\000e\000e\000p\000\040\000r\000e\000i\000n\000f\000o\000r\000c\000e\000m\000e\000n\000t\000\040\000l\000e\000a\000r\000n\000i\000n\000g}{}% 47
\BOOKMARK [2][-]{subsection.5.1}{\376\377\000I\000n\000t\000r\000o}{section.5}% 48
\BOOKMARK [2][-]{subsection.5.2}{\376\377\000B\000a\000n\000d\000i\000t\000s}{section.5}% 49
\BOOKMARK [3][-]{subsubsection.5.2.1}{\376\377\000P\000o\000l\000i\000c\000i\000e\000s\000\040\000a\000n\000d\000\040\000r\000e\000g\000r\000e\000t\000\040\000a\000n\000a\000l\000y\000s\000i\000s}{subsection.5.2}% 50
\BOOKMARK [3][-]{subsubsection.5.2.2}{\376\377\000C\000o\000m\000p\000a\000r\000i\000n\000g\000\040\000p\000o\000l\000i\000c\000i\000e\000s}{subsection.5.2}% 51
\BOOKMARK [3][-]{subsubsection.5.2.3}{\376\377\000A\000d\000v\000e\000r\000s\000a\000r\000i\000a\000l\000\040\000b\000a\000n\000d\000i\000t\000s}{subsection.5.2}% 52
\BOOKMARK [3][-]{subsubsection.5.2.4}{\376\377\000C\000o\000n\000t\000e\000x\000t\000u\000a\000l\000\040\000B\000a\000n\000d\000i\000t\000s}{subsection.5.2}% 53
\BOOKMARK [3][-]{subsubsection.5.2.5}{\376\377\000S\000o\000f\000t\000w\000a\000r\000e\000\040\000a\000n\000d\000\040\000M\000i\000s\000c\000e\000l\000l\000a\000n\000e\000a}{subsection.5.2}% 54
\BOOKMARK [2][-]{subsection.5.3}{\376\377\000R\000e\000i\000n\000f\000o\000r\000c\000e\000m\000e\000n\000t\000\040\000l\000e\000a\000r\000n\000i\000n\000g}{section.5}% 55
\BOOKMARK [3][-]{subsubsection.5.3.1}{\376\377\000S\000e\000t\000u\000p}{subsection.5.3}% 56
\BOOKMARK [3][-]{subsubsection.5.3.2}{\376\377\000L\0001\000.\000\040\000I\000n\000t\000r\000o\000d\000u\000c\000t\000i\000o\000n}{subsection.5.3}% 57
\BOOKMARK [3][-]{subsubsection.5.3.3}{\376\377\000D\000e\000f\000i\000n\000i\000t\000i\000o\000n\000s}{subsection.5.3}% 58
\BOOKMARK [3][-]{subsubsection.5.3.4}{\376\377\000R\000e\000l\000a\000t\000i\000o\000n\000\040\000t\000o\000\040\000C\000o\000n\000t\000e\000x\000t\000u\000a\000l\000\040\000B\000a\000n\000d\000i\000t\000s}{subsection.5.3}% 59
\BOOKMARK [3][-]{subsubsection.5.3.5}{\376\377\000M\000a\000r\000k\000o\000v\000\040\000D\000e\000c\000i\000s\000i\000o\000n\000\040\000P\000r\000o\000c\000e\000s\000s}{subsection.5.3}% 60
\BOOKMARK [3][-]{subsubsection.5.3.6}{\376\377\000P\000l\000a\000n\000n\000i\000n\000g\000\040\000b\000y\000\040\000d\000y\000n\000a\000m\000i\000c\000\040\000p\000r\000o\000g\000r\000a\000m\000m\000i\000n\000g}{subsection.5.3}% 61
\BOOKMARK [3][-]{subsubsection.5.3.7}{\376\377\000M\000o\000d\000e\000l\000-\000f\000r\000e\000e\000\040\000p\000r\000e\000d\000i\000c\000t\000i\000o\000n}{subsection.5.3}% 62
\BOOKMARK [3][-]{subsubsection.5.3.8}{\376\377\000M\000o\000d\000e\000l\000-\000f\000r\000e\000e\000\040\000c\000o\000n\000t\000r\000o\000l}{subsection.5.3}% 63
\BOOKMARK [3][-]{subsubsection.5.3.9}{\376\377\000S\000c\000a\000l\000i\000n\000g\000\040\000u\000p\000\040\000R\000L\000.\000\040\000V\000a\000l\000u\000e\000\040\000f\000u\000n\000c\000t\000i\000o\000n\000\040\000a\000p\000p\000r\000o\000x\000i\000m\000a\000t\000i\000o\000n}{subsection.5.3}% 64
\BOOKMARK [3][-]{subsubsection.5.3.10}{\376\377\000P\000o\000l\000i\000c\000y\000\040\000g\000r\000a\000d\000i\000e\000n\000t}{subsection.5.3}% 65
\BOOKMARK [3][-]{subsubsection.5.3.11}{\376\377\000I\000n\000t\000e\000g\000r\000a\000t\000i\000n\000g\000\040\000l\000e\000a\000r\000n\000i\000n\000g\000\040\000a\000n\000d\000\040\000p\000l\000a\000n\000n\000i\000n\000g}{subsection.5.3}% 66
\BOOKMARK [3][-]{subsubsection.5.3.12}{\376\377\000H\000i\000e\000r\000a\000r\000c\000h\000i\000c\000a\000l\000\040\000R\000L}{subsection.5.3}% 67
\BOOKMARK [3][-]{subsubsection.5.3.13}{\376\377\000T\000a\000s\000k\000-\000a\000g\000n\000o\000s\000t\000i\000c\000\040\000R\000L}{subsection.5.3}% 68
\BOOKMARK [2][-]{subsection.5.4}{\376\377\000O\000t\000h\000e\000r\000\040\000t\000o\000p\000i\000c\000s}{section.5}% 69
\BOOKMARK [1][-]{section.6}{\376\377\000S\000p\000e\000c\000i\000a\000l\000\040\000t\000o\000p\000i\000c\000s}{}% 70
\BOOKMARK [2][-]{subsection.6.1}{\376\377\000A\000d\000v\000e\000r\000s\000a\000r\000i\000a\000l\000\040\000e\000x\000a\000m\000p\000l\000e\000s}{section.6}% 71
\BOOKMARK [2][-]{subsection.6.2}{\376\377\000N\000e\000u\000r\000a\000l\000\040\000O\000D\000E\000s}{section.6}% 72
\BOOKMARK [2][-]{subsection.6.3}{\376\377\000P\000h\000y\000s\000i\000c\000s\000\040\000i\000n\000f\000o\000r\000m\000e\000d\000\040\000N\000N\000s\000\040\000\050\000P\000I\000N\000N\000s\000\051}{section.6}% 73
\BOOKMARK [2][-]{subsection.6.4}{\376\377\000I\000n\000f\000o\000r\000m\000a\000t\000i\000o\000n\000\040\000b\000o\000t\000t\000l\000e\000n\000e\000c\000k\000\040\000a\000n\000d\000\040\000i\000n\000v\000a\000r\000i\000a\000n\000c\000e}{section.6}% 74
\BOOKMARK [2][-]{subsection.6.5}{\376\377\000G\000r\000a\000d\000i\000e\000n\000t\000-\000b\000a\000s\000e\000d\000\040\000o\000p\000t\000i\000m\000i\000z\000a\000t\000i\000o\000n}{section.6}% 75
\BOOKMARK [2][-]{subsection.6.6}{\376\377\000D\000e\000s\000i\000g\000n\000\040\000o\000f\000\040\000n\000e\000w\000\040\000a\000r\000c\000h\000i\000t\000e\000c\000t\000u\000r\000e\000s\000\040\000-\000\040\000g\000r\000a\000d\000i\000e\000n\000t\000\040\000c\000o\000m\000p\000u\000t\000a\000t\000i\000o\000n\000s}{section.6}% 76
\BOOKMARK [2][-]{subsection.6.7}{\376\377\000D\000i\000s\000t\000r\000i\000b\000u\000t\000e\000d\000\040\000t\000r\000a\000i\000n\000i\000n\000g}{section.6}% 77
\BOOKMARK [3][-]{subsubsection.6.7.1}{\376\377\000N\000o\000t\000e\000s\000\040\000f\000r\000o\000m\000\040\000S\000m\000o\000l\000a\000'\000s\000\040\000c\000l\000a\000s\000s}{subsection.6.7}% 78
\BOOKMARK [2][-]{subsection.6.8}{\376\377\000A\000u\000t\000o\000M\000L}{section.6}% 79
\BOOKMARK [2][-]{subsection.6.9}{\376\377\000B\000i\000o\000l\000o\000g\000i\000c\000a\000l\000\040\000p\000l\000a\000u\000s\000i\000b\000i\000l\000i\000t\000y}{section.6}% 80
\BOOKMARK [2][-]{subsection.6.10}{\376\377\000A\000c\000c\000e\000s\000s\000i\000b\000i\000l\000i\000t\000y\000\040\000+\000\040\000H\000u\000m\000a\000n\000-\000c\000e\000n\000t\000r\000i\000c\000\040\000A\000I}{section.6}% 81
\BOOKMARK [2][-]{subsection.6.11}{\376\377\000E\000x\000p\000l\000a\000i\000n\000a\000b\000i\000l\000i\000t\000y\000\040\000\050\000a\000n\000d\000\040\000i\000n\000t\000e\000r\000p\000r\000e\000t\000a\000b\000i\000l\000i\000t\000y\000\051}{section.6}% 82
\BOOKMARK [2][-]{subsection.6.12}{\376\377\000M\000o\000d\000e\000l\000\040\000c\000o\000m\000p\000r\000e\000s\000s\000i\000o\000n}{section.6}% 83
\BOOKMARK [2][-]{subsection.6.13}{\376\377\000O\000t\000h\000e\000r\000s}{section.6}% 84
\BOOKMARK [3][-]{subsubsection.6.13.1}{\376\377\000L\000i\000s\000t}{subsection.6.13}% 85
\BOOKMARK [3][-]{subsubsection.6.13.2}{\376\377\000P\000r\000i\000v\000a\000c\000y}{subsection.6.13}% 86
\BOOKMARK [3][-]{subsubsection.6.13.3}{\376\377\000A\000p\000p\000l\000i\000c\000a\000t\000i\000o\000n\000s}{subsection.6.13}% 87
\BOOKMARK [1][-]{section.7}{\376\377\000T\000h\000e\000o\000r\000y}{}% 88
\BOOKMARK [2][-]{subsection.7.1}{\376\377\000W\000h\000y\000\040\000d\000o\000\040\000w\000e\000\040\000n\000e\000e\000d\000\040\000t\000h\000e\000o\000r\000y\000?}{section.7}% 89
\BOOKMARK [2][-]{subsection.7.2}{\376\377\000C\000o\000m\000p\000u\000t\000a\000t\000i\000o\000n\000a\000l\000\040\000c\000o\000m\000p\000l\000e\000x\000i\000t\000y\000\040\000a\000n\000d\000\040\000l\000e\000a\000r\000n\000i\000n\000g}{section.7}% 90
\BOOKMARK [2][-]{subsection.7.3}{\376\377\000A\000p\000p\000r\000o\000x\000i\000m\000a\000t\000i\000o\000n\000\040\000t\000h\000e\000o\000r\000y}{section.7}% 91
\BOOKMARK [2][-]{subsection.7.4}{\376\377\000O\000p\000t\000i\000m\000i\000z\000a\000t\000i\000o\000n}{section.7}% 92
\BOOKMARK [2][-]{subsection.7.5}{\376\377\000G\000e\000n\000e\000r\000a\000l\000i\000z\000a\000t\000i\000o\000n}{section.7}% 93
\BOOKMARK [2][-]{subsection.7.6}{\376\377\000N\000o\000n\000p\000a\000r\000a\000m\000e\000t\000r\000i\000c\000\040\000f\000u\000n\000c\000t\000i\000o\000n\000\040\000e\000s\000t\000i\000m\000a\000t\000i\000o\000n}{section.7}% 94
\BOOKMARK [2][-]{subsection.7.7}{\376\377\000H\000a\000r\000m\000o\000n\000i\000c\000\040\000a\000n\000a\000l\000y\000s\000i\000s}{section.7}% 95
\BOOKMARK [2][-]{subsection.7.8}{\376\377\000P\000r\000o\000b\000a\000b\000i\000l\000i\000s\000t\000i\000c\000\040\000M\000L}{section.7}% 96
\BOOKMARK [2][-]{subsection.7.9}{\376\377\000I\000n\000f\000o\000r\000m\000a\000t\000i\000o\000n\000\040\000g\000e\000o\000m\000e\000t\000r\000y}{section.7}% 97
\BOOKMARK [2][-]{subsection.7.10}{\376\377\000R\000a\000n\000d\000o\000m\000\040\000M\000a\000t\000r\000i\000x\000\040\000T\000h\000e\000o\000r\000y}{section.7}% 98
\BOOKMARK [2][-]{subsection.7.11}{\376\377\000P\000h\000y\000s\000i\000c\000s}{section.7}% 99
\BOOKMARK [2][-]{subsection.7.12}{\376\377\000G\000e\000o\000m\000e\000t\000r\000y}{section.7}% 100
\BOOKMARK [1][-]{section.8}{\376\377\000H\000o\000w\000\040\000t\000o\000\040\000l\000e\000a\000r\000n\000\040\000p\000r\000a\000c\000t\000i\000c\000a\000l\000\040\000D\000L}{}% 101
